2018-08-02 00:12:33.985 [main] INFO  com.yyf.wcqs.WcqsApplication - Starting WcqsApplication on DESKTOP-Q0MDAE4 with PID 1664 (C:\Users\yyf\IdeaProjects\plcp_group\wcqs\target\classes started by yyf in C:\Users\yyf\IdeaProjects\plcp_group\wcqs)
2018-08-02 00:12:33.987 [main] INFO  com.yyf.wcqs.WcqsApplication - No active profile set, falling back to default profiles: default
2018-08-02 00:12:34.057 [main] INFO  o.s.b.w.s.c.AnnotationConfigServletWebServerApplicationContext - Refreshing org.springframework.boot.web.servlet.context.AnnotationConfigServletWebServerApplicationContext@565121: startup date [Thu Aug 02 00:12:34 CST 2018]; root of context hierarchy
2018-08-02 00:12:35.088 [main] INFO  o.s.boot.web.embedded.tomcat.TomcatWebServer - Tomcat initialized with port(s): 80 (http)
2018-08-02 00:12:35.098 [main] INFO  org.apache.coyote.http11.Http11NioProtocol - Initializing ProtocolHandler ["http-nio-80"]
2018-08-02 00:12:35.110 [main] INFO  org.apache.catalina.core.StandardService - Starting service [Tomcat]
2018-08-02 00:12:35.110 [main] INFO  org.apache.catalina.core.StandardEngine - Starting Servlet Engine: Apache Tomcat/8.5.31
2018-08-02 00:12:35.114 [localhost-startStop-1] INFO  org.apache.catalina.core.AprLifecycleListener - The APR based Apache Tomcat Native library which allows optimal performance in production environments was not found on the java.library.path: [C:\Program Files (x86)\Java\jdk1.8.0_144\bin;C:\WINDOWS\Sun\Java\bin;C:\WINDOWS\system32;C:\WINDOWS;C:\ProgramData\Oracle\Java\javapath;C:\WINDOWS\system32;C:\WINDOWS;C:\WINDOWS\System32\Wbem;C:\WINDOWS\System32\WindowsPowerShell\v1.0\;C:\Program Files (x86)\NVIDIA Corporation\PhysX\Common;D:\mysql\mysql-5.1.41-winx64\bin;D:\apache-maven-3.5.3\bin;;%SystemRoot%\system32;%SystemRoot%;%SystemRoot%\System32\Wbem;%SYSTEMROOT%\System32\WindowsPowerShell\v1.0\;%SYSTEMROOT%\System32\OpenSSH\;C:\Users\yyf\AppData\Local\Microsoft\WindowsApps;;.]
2018-08-02 00:12:35.242 [localhost-startStop-1] INFO  o.a.c.core.ContainerBase.[Tomcat].[localhost].[/] - Initializing Spring embedded WebApplicationContext
2018-08-02 00:12:35.243 [localhost-startStop-1] INFO  org.springframework.web.context.ContextLoader - Root WebApplicationContext: initialization completed in 1185 ms
2018-08-02 00:12:35.385 [localhost-startStop-1] INFO  o.s.boot.web.servlet.ServletRegistrationBean - Servlet dispatcherServlet mapped to [/]
2018-08-02 00:12:35.389 [localhost-startStop-1] INFO  o.s.boot.web.servlet.FilterRegistrationBean - Mapping filter: 'characterEncodingFilter' to: [/*]
2018-08-02 00:12:35.389 [localhost-startStop-1] INFO  o.s.boot.web.servlet.FilterRegistrationBean - Mapping filter: 'hiddenHttpMethodFilter' to: [/*]
2018-08-02 00:12:35.389 [localhost-startStop-1] INFO  o.s.boot.web.servlet.FilterRegistrationBean - Mapping filter: 'httpPutFormContentFilter' to: [/*]
2018-08-02 00:12:35.389 [localhost-startStop-1] INFO  o.s.boot.web.servlet.FilterRegistrationBean - Mapping filter: 'requestContextFilter' to: [/*]
2018-08-02 00:12:35.677 [main] INFO  o.s.web.servlet.handler.SimpleUrlHandlerMapping - Mapped URL path [/**/favicon.ico] onto handler of type [class org.springframework.web.servlet.resource.ResourceHttpRequestHandler]
2018-08-02 00:12:35.865 [main] INFO  o.s.w.s.m.m.a.RequestMappingHandlerAdapter - Looking for @ControllerAdvice: org.springframework.boot.web.servlet.context.AnnotationConfigServletWebServerApplicationContext@565121: startup date [Thu Aug 02 00:12:34 CST 2018]; root of context hierarchy
2018-08-02 00:12:35.920 [main] INFO  o.s.w.s.m.m.a.RequestMappingHandlerMapping - Mapped "{[/hello],methods=[GET]}" onto public void com.yyf.wcqs.controller.WeChatAnswerController.check(org.springframework.ui.Model,javax.servlet.http.HttpServletRequest,javax.servlet.http.HttpServletResponse) throws java.io.IOException
2018-08-02 00:12:35.920 [main] INFO  o.s.w.s.m.m.a.RequestMappingHandlerMapping - Mapped "{[/hello],methods=[POST]}" onto public void com.yyf.wcqs.controller.WeChatAnswerController.receive(javax.servlet.http.HttpServletRequest,javax.servlet.http.HttpServletResponse) throws javax.servlet.ServletException,java.io.IOException
2018-08-02 00:12:35.922 [main] INFO  o.s.w.s.m.m.a.RequestMappingHandlerMapping - Mapped "{[/error]}" onto public org.springframework.http.ResponseEntity<java.util.Map<java.lang.String, java.lang.Object>> org.springframework.boot.autoconfigure.web.servlet.error.BasicErrorController.error(javax.servlet.http.HttpServletRequest)
2018-08-02 00:12:35.923 [main] INFO  o.s.w.s.m.m.a.RequestMappingHandlerMapping - Mapped "{[/error],produces=[text/html]}" onto public org.springframework.web.servlet.ModelAndView org.springframework.boot.autoconfigure.web.servlet.error.BasicErrorController.errorHtml(javax.servlet.http.HttpServletRequest,javax.servlet.http.HttpServletResponse)
2018-08-02 00:12:35.953 [main] INFO  o.s.web.servlet.handler.SimpleUrlHandlerMapping - Mapped URL path [/webjars/**] onto handler of type [class org.springframework.web.servlet.resource.ResourceHttpRequestHandler]
2018-08-02 00:12:35.953 [main] INFO  o.s.web.servlet.handler.SimpleUrlHandlerMapping - Mapped URL path [/**] onto handler of type [class org.springframework.web.servlet.resource.ResourceHttpRequestHandler]
2018-08-02 00:12:35.996 [main] WARN  o.s.b.a.t.ThymeleafAutoConfiguration$DefaultTemplateResolverConfiguration - Cannot find template location: classpath:/templates/ (please add some templates or check your Thymeleaf configuration)
2018-08-02 00:12:36.292 [main] INFO  o.s.jmx.export.annotation.AnnotationMBeanExporter - Registering beans for JMX exposure on startup
2018-08-02 00:12:36.293 [main] INFO  o.s.jmx.export.annotation.AnnotationMBeanExporter - Bean with name 'dataSource' has been autodetected for JMX exposure
2018-08-02 00:12:36.297 [main] INFO  o.s.jmx.export.annotation.AnnotationMBeanExporter - Located MBean 'dataSource': registering with JMX server as MBean [com.zaxxer.hikari:name=dataSource,type=HikariDataSource]
2018-08-02 00:12:36.304 [main] INFO  o.s.s.a.ScheduledAnnotationBeanPostProcessor - No TaskScheduler/ScheduledExecutorService bean found for scheduled processing
2018-08-02 00:12:36.311 [main] INFO  org.apache.coyote.http11.Http11NioProtocol - Starting ProtocolHandler ["http-nio-80"]
2018-08-02 00:12:36.318 [main] INFO  org.apache.tomcat.util.net.NioSelectorPool - Using a shared selector for servlet write/read
2018-08-02 00:12:36.330 [main] INFO  o.s.boot.web.embedded.tomcat.TomcatWebServer - Tomcat started on port(s): 80 (http) with context path ''
2018-08-02 00:12:36.333 [main] INFO  com.yyf.wcqs.WcqsApplication - Started WcqsApplication in 2.616 seconds (JVM running for 3.359)
2018-08-02 00:12:36.337 [main] INFO  com.yyf.wcqs.boot.WeChatBootStrap - ÊúçÂä°ÂêØÂä®Ë∞ÉÁî®ÂæÆ‰ø°Ê±ÇÊÉÖtoken
2018-08-02 00:12:36.827 [main] ERROR com.yyf.wcqs.cache.WeChatCache - Ëé∑ÂèñjsApiTicketÊó∂Áº∫Â∞ëaccessTokenÂèÇÊï∞
2018-08-02 00:12:36.827 [main] ERROR com.yyf.wcqs.cache.WeChatCache - Ëé∑ÂèñipListÊó∂Áº∫Â∞ëaccessTokenÂèÇÊï∞
2018-08-02 00:12:36.828 [main] INFO  com.yyf.wcqs.boot.WeChatBootStrap - ÊúçÂä°ÂêØÂä®Ë∞ÉÁî®Â§©Ê∞îËØ∑Ê±Ç
2018-08-02 00:12:36.828 [main] INFO  com.yyf.wcqs.task.WeatherUpdateTask - ÂºÄÂßãÊõ¥Êñ∞Â§©Ê∞î‰ø°ÊÅØ
2018-08-02 00:12:36.843 [main] INFO  com.zaxxer.hikari.HikariDataSource - HikariPool-1 - Starting...
2018-08-02 00:12:36.943 [main] INFO  com.zaxxer.hikari.HikariDataSource - HikariPool-1 - Start completed.
2018-08-02 00:12:37.210 [main] INFO  com.yyf.wcqs.task.WeatherUpdateTask - {"date":"20180802","message":"Success !","status":200,"city":"Êù≠Â∑û","count":1,"data":{"shidu":"73%","pm25":27.0,"pm10":46.0,"quality":"ËâØ","wendu":"30","ganmao":"ÊûÅÂ∞ëÊï∞ÊïèÊÑü‰∫∫Áæ§Â∫îÂáèÂ∞ëÊà∑Â§ñÊ¥ªÂä®","yesterday":{"date":"01Êó•ÊòüÊúü‰∏â","sunrise":"05:17","high":"È´òÊ∏© 34.0‚ÑÉ","low":"‰ΩéÊ∏© 26.0‚ÑÉ","sunset":"18:54","aqi":59.0,"fx":"‰∏úÂåóÈ£é","fl":"<3Á∫ß","type":"ÈòµÈõ®","notice":"ÈòµÈõ®Êù•Ë¢≠ÔºåÂá∫Èó®ËÆ∞ÂæóÂ∏¶‰ºû"},"forecast":[{"date":"02Êó•ÊòüÊúüÂõõ","sunrise":"05:17","high":"È´òÊ∏© 33.0‚ÑÉ","low":"‰ΩéÊ∏© 25.0‚ÑÉ","sunset":"18:53","aqi":59.0,"fx":"Êó†ÊåÅÁª≠È£éÂêë","fl":"3-4Á∫ß","type":"Èõ∑ÈòµÈõ®","notice":"Â∏¶Â•ΩÈõ®ÂÖ∑ÔºåÂà´Âú®Ê†ë‰∏ãË∫≤Èõ®"},{"date":"03Êó•ÊòüÊúü‰∫î","sunrise":"05:18","high":"È´òÊ∏© 32.0‚ÑÉ","low":"‰ΩéÊ∏© 26.0‚ÑÉ","sunset":"18:52","aqi":42.0,"fx":"Êó†ÊåÅÁª≠È£éÂêë","fl":"3-4Á∫ß","type":"Â§ßÈõ®","notice":"Âá∫Èó®ÊúÄÂ•ΩÁ©øÈõ®Ë°£ÔºåÂãøÊå°ËßÜÁ∫ø"},{"date":"04Êó•ÊòüÊúüÂÖ≠","sunrise":"05:18","high":"È´òÊ∏© 36.0‚ÑÉ","low":"‰ΩéÊ∏© 27.0‚ÑÉ","sunset":"18:52","aqi":51.0,"fx":"ÂçóÈ£é","fl":"<3Á∫ß","type":"Èõ∑ÈòµÈõ®","notice":"Â∏¶Â•ΩÈõ®ÂÖ∑ÔºåÂà´Âú®Ê†ë‰∏ãË∫≤Èõ®"},{"date":"05Êó•ÊòüÊúüÊó•","sunrise":"05:19","high":"È´òÊ∏© 37.0‚ÑÉ","low":"‰ΩéÊ∏© 28.0‚ÑÉ","sunset":"18:51","aqi":48.0,"fx":"ÂçóÈ£é","fl":"<3Á∫ß","type":"Êô¥","notice":"ÊÑø‰Ω†Êã•ÊúâÊØîÈò≥ÂÖâÊòéÂ™öÁöÑÂøÉÊÉÖ"},{"date":"06Êó•ÊòüÊúü‰∏Ä","sunrise":"05:20","high":"È´òÊ∏© 37.0‚ÑÉ","low":"‰ΩéÊ∏© 28.0‚ÑÉ","sunset":"18:50","aqi":45.0,"fx":"ÂçóÈ£é","fl":"<3Á∫ß","type":"Êô¥","notice":"ÊÑø‰Ω†Êã•ÊúâÊØîÈò≥ÂÖâÊòéÂ™öÁöÑÂøÉÊÉÖ"}]}}
2018-08-02 00:43:25.385 [main] INFO  o.s.b.t.context.SpringBootTestContextBootstrapper - Neither @ContextConfiguration nor @ContextHierarchy found for test class [com.yyf.wcqs.WcqsApplicationTests], using SpringBootContextLoader
2018-08-02 00:43:25.392 [main] INFO  o.s.test.context.support.AbstractContextLoader - Could not detect default resource locations for test class [com.yyf.wcqs.WcqsApplicationTests]: no resource found for suffixes {-context.xml, Context.groovy}.
2018-08-02 00:43:25.392 [main] INFO  o.s.t.c.support.AnnotationConfigContextLoaderUtils - Could not detect default configuration classes for test class [com.yyf.wcqs.WcqsApplicationTests]: WcqsApplicationTests does not declare any static, non-private, non-final, nested classes annotated with @Configuration.
2018-08-02 00:43:25.506 [main] INFO  o.s.b.t.context.SpringBootTestContextBootstrapper - Found @SpringBootConfiguration com.yyf.wcqs.WcqsApplication for test class com.yyf.wcqs.WcqsApplicationTests
2018-08-02 00:43:25.614 [main] INFO  o.s.b.t.context.SpringBootTestContextBootstrapper - Loaded default TestExecutionListener class names from location [META-INF/spring.factories]: [org.springframework.boot.test.mock.mockito.MockitoTestExecutionListener, org.springframework.boot.test.mock.mockito.ResetMocksTestExecutionListener, org.springframework.boot.test.autoconfigure.restdocs.RestDocsTestExecutionListener, org.springframework.boot.test.autoconfigure.web.client.MockRestServiceServerResetTestExecutionListener, org.springframework.boot.test.autoconfigure.web.servlet.MockMvcPrintOnlyOnFailureTestExecutionListener, org.springframework.boot.test.autoconfigure.web.servlet.WebDriverTestExecutionListener, org.springframework.test.context.web.ServletTestExecutionListener, org.springframework.test.context.support.DirtiesContextBeforeModesTestExecutionListener, org.springframework.test.context.support.DependencyInjectionTestExecutionListener, org.springframework.test.context.support.DirtiesContextTestExecutionListener, org.springframework.test.context.transaction.TransactionalTestExecutionListener, org.springframework.test.context.jdbc.SqlScriptsTestExecutionListener]
2018-08-02 00:43:25.634 [main] INFO  o.s.b.t.context.SpringBootTestContextBootstrapper - Using TestExecutionListeners: [org.springframework.test.context.web.ServletTestExecutionListener@1a2cb77, org.springframework.test.context.support.DirtiesContextBeforeModesTestExecutionListener@f278eb, org.springframework.boot.test.mock.mockito.MockitoTestExecutionListener@1217633, org.springframework.boot.test.autoconfigure.SpringBootDependencyInjectionTestExecutionListener@530d0a, org.springframework.test.context.support.DirtiesContextTestExecutionListener@1a18644, org.springframework.test.context.transaction.TransactionalTestExecutionListener@cf93bb, org.springframework.test.context.jdbc.SqlScriptsTestExecutionListener@7be63f, org.springframework.boot.test.mock.mockito.ResetMocksTestExecutionListener@d28fa7, org.springframework.boot.test.autoconfigure.restdocs.RestDocsTestExecutionListener@14ca7df, org.springframework.boot.test.autoconfigure.web.client.MockRestServiceServerResetTestExecutionListener@138a206, org.springframework.boot.test.autoconfigure.web.servlet.MockMvcPrintOnlyOnFailureTestExecutionListener@d3eec0, org.springframework.boot.test.autoconfigure.web.servlet.WebDriverTestExecutionListener@4fa0a]
2018-08-02 00:43:25.874 [main] INFO  com.yyf.wcqs.WcqsApplicationTests - Starting WcqsApplicationTests on DESKTOP-Q0MDAE4 with PID 18512 (started by yyf in C:\Users\yyf\IdeaProjects\plcp_group\wcqs)
2018-08-02 00:43:25.875 [main] INFO  com.yyf.wcqs.WcqsApplicationTests - No active profile set, falling back to default profiles: default
2018-08-02 00:43:25.908 [main] INFO  o.s.w.context.support.GenericWebApplicationContext - Refreshing org.springframework.web.context.support.GenericWebApplicationContext@11bf055: startup date [Thu Aug 02 00:43:25 CST 2018]; root of context hierarchy
2018-08-02 00:43:27.199 [main] INFO  o.s.web.servlet.handler.SimpleUrlHandlerMapping - Mapped URL path [/**/favicon.ico] onto handler of type [class org.springframework.web.servlet.resource.ResourceHttpRequestHandler]
2018-08-02 00:43:27.373 [main] INFO  o.s.w.s.m.m.a.RequestMappingHandlerAdapter - Looking for @ControllerAdvice: org.springframework.web.context.support.GenericWebApplicationContext@11bf055: startup date [Thu Aug 02 00:43:25 CST 2018]; root of context hierarchy
2018-08-02 00:43:27.433 [main] INFO  o.s.w.s.m.m.a.RequestMappingHandlerMapping - Mapped "{[/hello],methods=[GET]}" onto public void com.yyf.wcqs.controller.WeChatAnswerController.check(org.springframework.ui.Model,javax.servlet.http.HttpServletRequest,javax.servlet.http.HttpServletResponse) throws java.io.IOException
2018-08-02 00:43:27.434 [main] INFO  o.s.w.s.m.m.a.RequestMappingHandlerMapping - Mapped "{[/hello],methods=[POST]}" onto public void com.yyf.wcqs.controller.WeChatAnswerController.receive(javax.servlet.http.HttpServletRequest,javax.servlet.http.HttpServletResponse) throws javax.servlet.ServletException,java.io.IOException
2018-08-02 00:43:27.435 [main] INFO  o.s.w.s.m.m.a.RequestMappingHandlerMapping - Mapped "{[/error],produces=[text/html]}" onto public org.springframework.web.servlet.ModelAndView org.springframework.boot.autoconfigure.web.servlet.error.BasicErrorController.errorHtml(javax.servlet.http.HttpServletRequest,javax.servlet.http.HttpServletResponse)
2018-08-02 00:43:27.436 [main] INFO  o.s.w.s.m.m.a.RequestMappingHandlerMapping - Mapped "{[/error]}" onto public org.springframework.http.ResponseEntity<java.util.Map<java.lang.String, java.lang.Object>> org.springframework.boot.autoconfigure.web.servlet.error.BasicErrorController.error(javax.servlet.http.HttpServletRequest)
2018-08-02 00:43:27.461 [main] INFO  o.s.web.servlet.handler.SimpleUrlHandlerMapping - Mapped URL path [/webjars/**] onto handler of type [class org.springframework.web.servlet.resource.ResourceHttpRequestHandler]
2018-08-02 00:43:27.461 [main] INFO  o.s.web.servlet.handler.SimpleUrlHandlerMapping - Mapped URL path [/**] onto handler of type [class org.springframework.web.servlet.resource.ResourceHttpRequestHandler]
2018-08-02 00:43:27.510 [main] WARN  o.s.b.a.t.ThymeleafAutoConfiguration$DefaultTemplateResolverConfiguration - Cannot find template location: classpath:/templates/ (please add some templates or check your Thymeleaf configuration)
2018-08-02 00:43:27.936 [main] INFO  o.s.s.a.ScheduledAnnotationBeanPostProcessor - No TaskScheduler/ScheduledExecutorService bean found for scheduled processing
2018-08-02 00:43:27.945 [main] INFO  com.yyf.wcqs.WcqsApplicationTests - Started WcqsApplicationTests in 2.275 seconds (JVM running for 3.086)
2018-08-02 00:43:27.947 [main] INFO  com.yyf.wcqs.boot.WeChatBootStrap - ∑˛ŒÒ∆Ù∂Øµ˜”√Œ¢–≈«Û«Ètoken
2018-08-02 00:43:28.431 [main] ERROR com.yyf.wcqs.cache.WeChatCache - ªÒ»°jsApiTicket ±»±…ŸaccessToken≤Œ ˝
2018-08-02 00:43:28.436 [main] ERROR com.yyf.wcqs.cache.WeChatCache - ªÒ»°ipList ±»±…ŸaccessToken≤Œ ˝
2018-08-02 00:43:28.436 [main] INFO  com.yyf.wcqs.boot.WeChatBootStrap - ∑˛ŒÒ∆Ù∂Øµ˜”√ÃÏ∆¯«Î«Û
2018-08-02 00:43:28.437 [main] INFO  com.yyf.wcqs.task.WeatherUpdateTask - ø™ º∏¸–¬ÃÏ∆¯–≈œ¢
2018-08-02 00:43:28.457 [main] INFO  com.zaxxer.hikari.HikariDataSource - HikariPool-1 - Starting...
2018-08-02 00:43:28.604 [main] INFO  com.zaxxer.hikari.HikariDataSource - HikariPool-1 - Start completed.
2018-08-02 00:43:28.922 [main] INFO  com.yyf.wcqs.task.WeatherUpdateTask - {"date":"20180802","message":"Success !","status":200,"city":"Êù≠Â∑û","count":2,"data":{"shidu":"73%","pm25":27.0,"pm10":46.0,"quality":"Ëâ?","wendu":"30","ganmao":"ÊûÅÂ∞ëÊï∞ÊïèÊÑü‰∫∫Áæ§Â∫îÂáèÂ∞ëÊà∑Â§ñÊ¥ªÂä®","yesterday":{"date":"01Êó•ÊòüÊúü‰∏â","sunrise":"05:17","high":"È´òÊ∏© 34.0‚Ñ?","low":"‰ΩéÊ∏© 26.0‚Ñ?","sunset":"18:54","aqi":59.0,"fx":"‰∏úÂåóÈ£?","fl":"<3Á∫?","type":"ÈòµÈõ®","notice":"ÈòµÈõ®Êù•Ë¢≠ÔºåÂá∫Èó®ËÆ∞ÂæóÂ∏¶‰º?"},"forecast":[{"date":"02Êó•ÊòüÊúüÂõõ","sunrise":"05:17","high":"È´òÊ∏© 33.0‚Ñ?","low":"‰ΩéÊ∏© 25.0‚Ñ?","sunset":"18:53","aqi":59.0,"fx":"Êó†ÊåÅÁª≠È£éÂê?","fl":"3-4Á∫?","type":"Èõ∑ÈòµÈõ?","notice":"Â∏¶Â•ΩÈõ®ÂÖ∑ÔºåÂà´Âú®Ê†ë‰∏ãË∫≤Èõ?"},{"date":"03Êó•ÊòüÊúü‰∫î","sunrise":"05:18","high":"È´òÊ∏© 32.0‚Ñ?","low":"‰ΩéÊ∏© 26.0‚Ñ?","sunset":"18:52","aqi":42.0,"fx":"Êó†ÊåÅÁª≠È£éÂê?","fl":"3-4Á∫?","type":"Â§ßÈõ®","notice":"Âá∫Èó®Êú?Â•ΩÁ©øÈõ®Ë°£ÔºåÂãøÊå°ËßÜÁ∫?"},{"date":"04Êó•ÊòüÊúüÂÖ≠","sunrise":"05:18","high":"È´òÊ∏© 36.0‚Ñ?","low":"‰ΩéÊ∏© 27.0‚Ñ?","sunset":"18:52","aqi":51.0,"fx":"ÂçóÈ£é","fl":"<3Á∫?","type":"Èõ∑ÈòµÈõ?","notice":"Â∏¶Â•ΩÈõ®ÂÖ∑ÔºåÂà´Âú®Ê†ë‰∏ãË∫≤Èõ?"},{"date":"05Êó•ÊòüÊúüÊó•","sunrise":"05:19","high":"È´òÊ∏© 37.0‚Ñ?","low":"‰ΩéÊ∏© 28.0‚Ñ?","sunset":"18:51","aqi":48.0,"fx":"ÂçóÈ£é","fl":"<3Á∫?","type":"Êô?","notice":"ÊÑø‰Ω†Êã•ÊúâÊØîÈò≥ÂÖâÊòéÂ™öÁöÑÂøÉÊÉÖ"},{"date":"06Êó•ÊòüÊúü‰∏Ä","sunrise":"05:20","high":"È´òÊ∏© 37.0‚Ñ?","low":"‰ΩéÊ∏© 28.0‚Ñ?","sunset":"18:50","aqi":45.0,"fx":"ÂçóÈ£é","fl":"<3Á∫?","type":"Êô?","notice":"ÊÑø‰Ω†Êã•ÊúâÊØîÈò≥ÂÖâÊòéÂ™öÁöÑÂøÉÊÉÖ"}]}}
2018-08-02 00:43:39.129 [Thread-2] INFO  o.s.w.context.support.GenericWebApplicationContext - Closing org.springframework.web.context.support.GenericWebApplicationContext@11bf055: startup date [Thu Aug 02 00:43:25 CST 2018]; root of context hierarchy
2018-08-02 00:43:39.131 [Thread-2] INFO  com.zaxxer.hikari.HikariDataSource - HikariPool-1 - Shutdown initiated...
2018-08-02 00:43:39.135 [Thread-2] INFO  com.zaxxer.hikari.HikariDataSource - HikariPool-1 - Shutdown completed.
2018-08-02 00:55:47.736 [http-nio-80-exec-1] INFO  o.a.c.core.ContainerBase.[Tomcat].[localhost].[/] - Initializing Spring FrameworkServlet 'dispatcherServlet'
2018-08-02 00:55:47.737 [http-nio-80-exec-1] INFO  org.springframework.web.servlet.DispatcherServlet - FrameworkServlet 'dispatcherServlet': initialization started
2018-08-02 00:55:47.774 [http-nio-80-exec-1] INFO  org.springframework.web.servlet.DispatcherServlet - FrameworkServlet 'dispatcherServlet': initialization completed in 37 ms
2018-08-02 01:00:01.098 [pool-1-thread-1] ERROR com.yyf.wcqs.cache.WeChatCache - Ëé∑ÂèñjsApiTicketÊó∂Áº∫Â∞ëaccessTokenÂèÇÊï∞
2018-08-02 01:00:01.099 [pool-1-thread-1] ERROR com.yyf.wcqs.cache.WeChatCache - Ëé∑ÂèñipListÊó∂Áº∫Â∞ëaccessTokenÂèÇÊï∞
2018-08-02 01:00:01.099 [pool-1-thread-1] INFO  com.yyf.wcqs.task.WeatherUpdateTask - ÂºÄÂßãÊõ¥Êñ∞Â§©Ê∞î‰ø°ÊÅØ
2018-08-02 01:00:01.269 [pool-1-thread-1] INFO  com.yyf.wcqs.task.WeatherUpdateTask - {"date":"20180802","message":"Success !","status":200,"city":"Êù≠Â∑û","count":3,"data":{"shidu":"73%","pm25":27.0,"pm10":46.0,"quality":"ËâØ","wendu":"30","ganmao":"ÊûÅÂ∞ëÊï∞ÊïèÊÑü‰∫∫Áæ§Â∫îÂáèÂ∞ëÊà∑Â§ñÊ¥ªÂä®","yesterday":{"date":"01Êó•ÊòüÊúü‰∏â","sunrise":"05:17","high":"È´òÊ∏© 34.0‚ÑÉ","low":"‰ΩéÊ∏© 26.0‚ÑÉ","sunset":"18:54","aqi":59.0,"fx":"‰∏úÂåóÈ£é","fl":"<3Á∫ß","type":"ÈòµÈõ®","notice":"ÈòµÈõ®Êù•Ë¢≠ÔºåÂá∫Èó®ËÆ∞ÂæóÂ∏¶‰ºû"},"forecast":[{"date":"02Êó•ÊòüÊúüÂõõ","sunrise":"05:17","high":"È´òÊ∏© 33.0‚ÑÉ","low":"‰ΩéÊ∏© 25.0‚ÑÉ","sunset":"18:53","aqi":59.0,"fx":"Êó†ÊåÅÁª≠È£éÂêë","fl":"3-4Á∫ß","type":"Èõ∑ÈòµÈõ®","notice":"Â∏¶Â•ΩÈõ®ÂÖ∑ÔºåÂà´Âú®Ê†ë‰∏ãË∫≤Èõ®"},{"date":"03Êó•ÊòüÊúü‰∫î","sunrise":"05:18","high":"È´òÊ∏© 32.0‚ÑÉ","low":"‰ΩéÊ∏© 26.0‚ÑÉ","sunset":"18:52","aqi":42.0,"fx":"Êó†ÊåÅÁª≠È£éÂêë","fl":"3-4Á∫ß","type":"Â§ßÈõ®","notice":"Âá∫Èó®ÊúÄÂ•ΩÁ©øÈõ®Ë°£ÔºåÂãøÊå°ËßÜÁ∫ø"},{"date":"04Êó•ÊòüÊúüÂÖ≠","sunrise":"05:18","high":"È´òÊ∏© 36.0‚ÑÉ","low":"‰ΩéÊ∏© 27.0‚ÑÉ","sunset":"18:52","aqi":51.0,"fx":"ÂçóÈ£é","fl":"<3Á∫ß","type":"Èõ∑ÈòµÈõ®","notice":"Â∏¶Â•ΩÈõ®ÂÖ∑ÔºåÂà´Âú®Ê†ë‰∏ãË∫≤Èõ®"},{"date":"05Êó•ÊòüÊúüÊó•","sunrise":"05:19","high":"È´òÊ∏© 37.0‚ÑÉ","low":"‰ΩéÊ∏© 28.0‚ÑÉ","sunset":"18:51","aqi":48.0,"fx":"ÂçóÈ£é","fl":"<3Á∫ß","type":"Êô¥","notice":"ÊÑø‰Ω†Êã•ÊúâÊØîÈò≥ÂÖâÊòéÂ™öÁöÑÂøÉÊÉÖ"},{"date":"06Êó•ÊòüÊúü‰∏Ä","sunrise":"05:20","high":"È´òÊ∏© 37.0‚ÑÉ","low":"‰ΩéÊ∏© 28.0‚ÑÉ","sunset":"18:50","aqi":45.0,"fx":"ÂçóÈ£é","fl":"<3Á∫ß","type":"Êô¥","notice":"ÊÑø‰Ω†Êã•ÊúâÊØîÈò≥ÂÖâÊòéÂ™öÁöÑÂøÉÊÉÖ"}]}}
