2018-07-31 21:59:31.334 [main] INFO  com.yyf.wcqs.WcqsApplication - Starting WcqsApplication on DESKTOP-Q0MDAE4 with PID 5704 (C:\Users\yyf\IdeaProjects\plcp_group\wcqs\target\classes started by yyf in C:\Users\yyf\IdeaProjects\plcp_group\wcqs)
2018-07-31 21:59:31.337 [main] INFO  com.yyf.wcqs.WcqsApplication - No active profile set, falling back to default profiles: default
2018-07-31 21:59:31.403 [main] INFO  o.s.b.w.s.c.AnnotationConfigServletWebServerApplicationContext - Refreshing org.springframework.boot.web.servlet.context.AnnotationConfigServletWebServerApplicationContext@102291e: startup date [Tue Jul 31 21:59:31 CST 2018]; root of context hierarchy
2018-07-31 21:59:31.894 [main] WARN  org.mybatis.spring.mapper.ClassPathMapperScanner - No MyBatis mapper was found in '[com.yyf.wcqs]' package. Please check your configuration.
2018-07-31 21:59:32.464 [main] INFO  o.s.boot.web.embedded.tomcat.TomcatWebServer - Tomcat initialized with port(s): 8080 (http)
2018-07-31 21:59:32.482 [main] INFO  org.apache.coyote.http11.Http11NioProtocol - Initializing ProtocolHandler ["http-nio-8080"]
2018-07-31 21:59:32.493 [main] INFO  org.apache.catalina.core.StandardService - Starting service [Tomcat]
2018-07-31 21:59:32.493 [main] INFO  org.apache.catalina.core.StandardEngine - Starting Servlet Engine: Apache Tomcat/8.5.31
2018-07-31 21:59:32.497 [localhost-startStop-1] INFO  org.apache.catalina.core.AprLifecycleListener - The APR based Apache Tomcat Native library which allows optimal performance in production environments was not found on the java.library.path: [C:\Program Files (x86)\Java\jdk1.8.0_144\bin;C:\WINDOWS\Sun\Java\bin;C:\WINDOWS\system32;C:\WINDOWS;C:\ProgramData\Oracle\Java\javapath;C:\WINDOWS\system32;C:\WINDOWS;C:\WINDOWS\System32\Wbem;C:\WINDOWS\System32\WindowsPowerShell\v1.0\;C:\Program Files (x86)\NVIDIA Corporation\PhysX\Common;D:\mysql\mysql-5.1.41-winx64\bin;D:\apache-maven-3.5.3\bin;;%SystemRoot%\system32;%SystemRoot%;%SystemRoot%\System32\Wbem;%SYSTEMROOT%\System32\WindowsPowerShell\v1.0\;%SYSTEMROOT%\System32\OpenSSH\;C:\Users\yyf\AppData\Local\Microsoft\WindowsApps;;.]
2018-07-31 21:59:32.620 [localhost-startStop-1] INFO  o.a.c.core.ContainerBase.[Tomcat].[localhost].[/] - Initializing Spring embedded WebApplicationContext
2018-07-31 21:59:32.621 [localhost-startStop-1] INFO  org.springframework.web.context.ContextLoader - Root WebApplicationContext: initialization completed in 1218 ms
2018-07-31 21:59:32.761 [localhost-startStop-1] INFO  o.s.boot.web.servlet.ServletRegistrationBean - Servlet dispatcherServlet mapped to [/]
2018-07-31 21:59:32.765 [localhost-startStop-1] INFO  o.s.boot.web.servlet.FilterRegistrationBean - Mapping filter: 'characterEncodingFilter' to: [/*]
2018-07-31 21:59:32.766 [localhost-startStop-1] INFO  o.s.boot.web.servlet.FilterRegistrationBean - Mapping filter: 'hiddenHttpMethodFilter' to: [/*]
2018-07-31 21:59:32.766 [localhost-startStop-1] INFO  o.s.boot.web.servlet.FilterRegistrationBean - Mapping filter: 'httpPutFormContentFilter' to: [/*]
2018-07-31 21:59:32.766 [localhost-startStop-1] INFO  o.s.boot.web.servlet.FilterRegistrationBean - Mapping filter: 'requestContextFilter' to: [/*]
2018-07-31 21:59:32.923 [main] INFO  o.s.web.servlet.handler.SimpleUrlHandlerMapping - Mapped URL path [/**/favicon.ico] onto handler of type [class org.springframework.web.servlet.resource.ResourceHttpRequestHandler]
2018-07-31 21:59:33.136 [main] INFO  o.s.w.s.m.m.a.RequestMappingHandlerAdapter - Looking for @ControllerAdvice: org.springframework.boot.web.servlet.context.AnnotationConfigServletWebServerApplicationContext@102291e: startup date [Tue Jul 31 21:59:31 CST 2018]; root of context hierarchy
2018-07-31 21:59:33.199 [main] INFO  o.s.w.s.m.m.a.RequestMappingHandlerMapping - Mapped "{[/error]}" onto public org.springframework.http.ResponseEntity<java.util.Map<java.lang.String, java.lang.Object>> org.springframework.boot.autoconfigure.web.servlet.error.BasicErrorController.error(javax.servlet.http.HttpServletRequest)
2018-07-31 21:59:33.200 [main] INFO  o.s.w.s.m.m.a.RequestMappingHandlerMapping - Mapped "{[/error],produces=[text/html]}" onto public org.springframework.web.servlet.ModelAndView org.springframework.boot.autoconfigure.web.servlet.error.BasicErrorController.errorHtml(javax.servlet.http.HttpServletRequest,javax.servlet.http.HttpServletResponse)
2018-07-31 21:59:33.225 [main] INFO  o.s.web.servlet.handler.SimpleUrlHandlerMapping - Mapped URL path [/webjars/**] onto handler of type [class org.springframework.web.servlet.resource.ResourceHttpRequestHandler]
2018-07-31 21:59:33.225 [main] INFO  o.s.web.servlet.handler.SimpleUrlHandlerMapping - Mapped URL path [/**] onto handler of type [class org.springframework.web.servlet.resource.ResourceHttpRequestHandler]
2018-07-31 21:59:33.279 [main] WARN  o.s.b.a.t.ThymeleafAutoConfiguration$DefaultTemplateResolverConfiguration - Cannot find template location: classpath:/templates/ (please add some templates or check your Thymeleaf configuration)
2018-07-31 21:59:33.543 [main] WARN  o.s.b.w.s.c.AnnotationConfigServletWebServerApplicationContext - Exception encountered during context initialization - cancelling refresh attempt: org.springframework.beans.factory.BeanCreationException: Error creating bean with name 'gsonBuilder' defined in class path resource [org/springframework/boot/autoconfigure/gson/GsonAutoConfiguration.class]: Bean instantiation via factory method failed; nested exception is org.springframework.beans.BeanInstantiationException: Failed to instantiate [com.google.gson.GsonBuilder]: Factory method 'gsonBuilder' threw exception; nested exception is java.lang.BootstrapMethodError: java.lang.NoSuchMethodError: com.google.gson.GsonBuilder.setLenient()Lcom/google/gson/GsonBuilder;
2018-07-31 21:59:33.544 [main] INFO  o.s.jmx.export.annotation.AnnotationMBeanExporter - Unregistering JMX-exposed beans on shutdown
2018-07-31 21:59:33.546 [main] INFO  org.apache.catalina.core.StandardService - Stopping service [Tomcat]
2018-07-31 21:59:33.554 [main] INFO  o.s.b.a.l.ConditionEvaluationReportLoggingListener - 

Error starting ApplicationContext. To display the conditions report re-run your application with 'debug' enabled.
2018-07-31 21:59:33.569 [main] ERROR org.springframework.boot.SpringApplication - Application run failed
org.springframework.beans.factory.BeanCreationException: Error creating bean with name 'gsonBuilder' defined in class path resource [org/springframework/boot/autoconfigure/gson/GsonAutoConfiguration.class]: Bean instantiation via factory method failed; nested exception is org.springframework.beans.BeanInstantiationException: Failed to instantiate [com.google.gson.GsonBuilder]: Factory method 'gsonBuilder' threw exception; nested exception is java.lang.BootstrapMethodError: java.lang.NoSuchMethodError: com.google.gson.GsonBuilder.setLenient()Lcom/google/gson/GsonBuilder;
	at org.springframework.beans.factory.support.ConstructorResolver.instantiateUsingFactoryMethod(ConstructorResolver.java:590)
	at org.springframework.beans.factory.support.AbstractAutowireCapableBeanFactory.instantiateUsingFactoryMethod(AbstractAutowireCapableBeanFactory.java:1256)
	at org.springframework.beans.factory.support.AbstractAutowireCapableBeanFactory.createBeanInstance(AbstractAutowireCapableBeanFactory.java:1105)
	at org.springframework.beans.factory.support.AbstractAutowireCapableBeanFactory.doCreateBean(AbstractAutowireCapableBeanFactory.java:543)
	at org.springframework.beans.factory.support.AbstractAutowireCapableBeanFactory.createBean(AbstractAutowireCapableBeanFactory.java:503)
	at org.springframework.beans.factory.support.AbstractBeanFactory.lambda$doGetBean$0(AbstractBeanFactory.java:317)
	at org.springframework.beans.factory.support.DefaultSingletonBeanRegistry.getSingleton(DefaultSingletonBeanRegistry.java:222)
	at org.springframework.beans.factory.support.AbstractBeanFactory.doGetBean(AbstractBeanFactory.java:315)
	at org.springframework.beans.factory.support.AbstractBeanFactory.getBean(AbstractBeanFactory.java:199)
	at org.springframework.beans.factory.support.DefaultListableBeanFactory.preInstantiateSingletons(DefaultListableBeanFactory.java:760)
	at org.springframework.context.support.AbstractApplicationContext.finishBeanFactoryInitialization(AbstractApplicationContext.java:869)
	at org.springframework.context.support.AbstractApplicationContext.refresh(AbstractApplicationContext.java:550)
	at org.springframework.boot.web.servlet.context.ServletWebServerApplicationContext.refresh(ServletWebServerApplicationContext.java:140)
	at org.springframework.boot.SpringApplication.refresh(SpringApplication.java:759)
	at org.springframework.boot.SpringApplication.refreshContext(SpringApplication.java:395)
	at org.springframework.boot.SpringApplication.run(SpringApplication.java:327)
	at org.springframework.boot.SpringApplication.run(SpringApplication.java:1255)
	at org.springframework.boot.SpringApplication.run(SpringApplication.java:1243)
	at com.yyf.wcqs.WcqsApplication.main(WcqsApplication.java:10)
Caused by: org.springframework.beans.BeanInstantiationException: Failed to instantiate [com.google.gson.GsonBuilder]: Factory method 'gsonBuilder' threw exception; nested exception is java.lang.BootstrapMethodError: java.lang.NoSuchMethodError: com.google.gson.GsonBuilder.setLenient()Lcom/google/gson/GsonBuilder;
	at org.springframework.beans.factory.support.SimpleInstantiationStrategy.instantiate(SimpleInstantiationStrategy.java:185)
	at org.springframework.beans.factory.support.ConstructorResolver.instantiateUsingFactoryMethod(ConstructorResolver.java:582)
	... 18 common frames omitted
Caused by: java.lang.BootstrapMethodError: java.lang.NoSuchMethodError: com.google.gson.GsonBuilder.setLenient()Lcom/google/gson/GsonBuilder;
	at org.springframework.boot.autoconfigure.gson.GsonAutoConfiguration$StandardGsonBuilderCustomizer.customize(GsonAutoConfiguration.java:96)
	at org.springframework.boot.autoconfigure.gson.GsonAutoConfiguration.lambda$gsonBuilder$0(GsonAutoConfiguration.java:49)
	at java.util.ArrayList.forEach(ArrayList.java:1249)
	at org.springframework.boot.autoconfigure.gson.GsonAutoConfiguration.gsonBuilder(GsonAutoConfiguration.java:49)
	at org.springframework.boot.autoconfigure.gson.GsonAutoConfiguration$$EnhancerBySpringCGLIB$$f151f2a.CGLIB$gsonBuilder$1(<generated>)
	at org.springframework.boot.autoconfigure.gson.GsonAutoConfiguration$$EnhancerBySpringCGLIB$$f151f2a$$FastClassBySpringCGLIB$$af0c30ba.invoke(<generated>)
	at org.springframework.cglib.proxy.MethodProxy.invokeSuper(MethodProxy.java:228)
	at org.springframework.context.annotation.ConfigurationClassEnhancer$BeanMethodInterceptor.intercept(ConfigurationClassEnhancer.java:361)
	at org.springframework.boot.autoconfigure.gson.GsonAutoConfiguration$$EnhancerBySpringCGLIB$$f151f2a.gsonBuilder(<generated>)
	at sun.reflect.NativeMethodAccessorImpl.invoke0(Native Method)
	at sun.reflect.NativeMethodAccessorImpl.invoke(NativeMethodAccessorImpl.java:62)
	at sun.reflect.DelegatingMethodAccessorImpl.invoke(DelegatingMethodAccessorImpl.java:43)
	at java.lang.reflect.Method.invoke(Method.java:498)
	at org.springframework.beans.factory.support.SimpleInstantiationStrategy.instantiate(SimpleInstantiationStrategy.java:154)
	... 19 common frames omitted
Caused by: java.lang.NoSuchMethodError: com.google.gson.GsonBuilder.setLenient()Lcom/google/gson/GsonBuilder;
	at java.lang.invoke.MethodHandleNatives.resolve(Native Method)
	at java.lang.invoke.MemberName$Factory.resolve(MemberName.java:975)
	at java.lang.invoke.MemberName$Factory.resolveOrFail(MemberName.java:1000)
	at java.lang.invoke.MethodHandles$Lookup.resolveOrFail(MethodHandles.java:1394)
	at java.lang.invoke.MethodHandles$Lookup.linkMethodHandleConstant(MethodHandles.java:1750)
	at java.lang.invoke.MethodHandleNatives.linkMethodHandleConstant(MethodHandleNatives.java:477)
	... 33 common frames omitted
2018-07-31 22:03:50.902 [main] INFO  com.yyf.wcqs.WcqsApplication - Starting WcqsApplication on DESKTOP-Q0MDAE4 with PID 8820 (C:\Users\yyf\IdeaProjects\plcp_group\wcqs\target\classes started by yyf in C:\Users\yyf\IdeaProjects\plcp_group\wcqs)
2018-07-31 22:03:50.904 [main] INFO  com.yyf.wcqs.WcqsApplication - No active profile set, falling back to default profiles: default
2018-07-31 22:03:50.967 [main] INFO  o.s.b.w.s.c.AnnotationConfigServletWebServerApplicationContext - Refreshing org.springframework.boot.web.servlet.context.AnnotationConfigServletWebServerApplicationContext@13cf163: startup date [Tue Jul 31 22:03:50 CST 2018]; root of context hierarchy
2018-07-31 22:03:51.413 [main] WARN  org.mybatis.spring.mapper.ClassPathMapperScanner - No MyBatis mapper was found in '[com.yyf.wcqs]' package. Please check your configuration.
2018-07-31 22:03:51.968 [main] INFO  o.s.boot.web.embedded.tomcat.TomcatWebServer - Tomcat initialized with port(s): 8080 (http)
2018-07-31 22:03:51.978 [main] INFO  org.apache.coyote.http11.Http11NioProtocol - Initializing ProtocolHandler ["http-nio-8080"]
2018-07-31 22:03:51.989 [main] INFO  org.apache.catalina.core.StandardService - Starting service [Tomcat]
2018-07-31 22:03:51.989 [main] INFO  org.apache.catalina.core.StandardEngine - Starting Servlet Engine: Apache Tomcat/8.5.31
2018-07-31 22:03:51.993 [localhost-startStop-1] INFO  org.apache.catalina.core.AprLifecycleListener - The APR based Apache Tomcat Native library which allows optimal performance in production environments was not found on the java.library.path: [C:\Program Files (x86)\Java\jdk1.8.0_144\bin;C:\WINDOWS\Sun\Java\bin;C:\WINDOWS\system32;C:\WINDOWS;C:\ProgramData\Oracle\Java\javapath;C:\WINDOWS\system32;C:\WINDOWS;C:\WINDOWS\System32\Wbem;C:\WINDOWS\System32\WindowsPowerShell\v1.0\;C:\Program Files (x86)\NVIDIA Corporation\PhysX\Common;D:\mysql\mysql-5.1.41-winx64\bin;D:\apache-maven-3.5.3\bin;;%SystemRoot%\system32;%SystemRoot%;%SystemRoot%\System32\Wbem;%SYSTEMROOT%\System32\WindowsPowerShell\v1.0\;%SYSTEMROOT%\System32\OpenSSH\;C:\Users\yyf\AppData\Local\Microsoft\WindowsApps;;.]
2018-07-31 22:03:52.110 [localhost-startStop-1] INFO  o.a.c.core.ContainerBase.[Tomcat].[localhost].[/] - Initializing Spring embedded WebApplicationContext
2018-07-31 22:03:52.110 [localhost-startStop-1] INFO  org.springframework.web.context.ContextLoader - Root WebApplicationContext: initialization completed in 1143 ms
2018-07-31 22:03:52.242 [localhost-startStop-1] INFO  o.s.boot.web.servlet.ServletRegistrationBean - Servlet dispatcherServlet mapped to [/]
2018-07-31 22:03:52.246 [localhost-startStop-1] INFO  o.s.boot.web.servlet.FilterRegistrationBean - Mapping filter: 'characterEncodingFilter' to: [/*]
2018-07-31 22:03:52.246 [localhost-startStop-1] INFO  o.s.boot.web.servlet.FilterRegistrationBean - Mapping filter: 'hiddenHttpMethodFilter' to: [/*]
2018-07-31 22:03:52.246 [localhost-startStop-1] INFO  o.s.boot.web.servlet.FilterRegistrationBean - Mapping filter: 'httpPutFormContentFilter' to: [/*]
2018-07-31 22:03:52.246 [localhost-startStop-1] INFO  o.s.boot.web.servlet.FilterRegistrationBean - Mapping filter: 'requestContextFilter' to: [/*]
2018-07-31 22:03:52.367 [main] INFO  o.s.web.servlet.handler.SimpleUrlHandlerMapping - Mapped URL path [/**/favicon.ico] onto handler of type [class org.springframework.web.servlet.resource.ResourceHttpRequestHandler]
2018-07-31 22:03:52.595 [main] INFO  o.s.w.s.m.m.a.RequestMappingHandlerAdapter - Looking for @ControllerAdvice: org.springframework.boot.web.servlet.context.AnnotationConfigServletWebServerApplicationContext@13cf163: startup date [Tue Jul 31 22:03:50 CST 2018]; root of context hierarchy
2018-07-31 22:03:52.649 [main] INFO  o.s.w.s.m.m.a.RequestMappingHandlerMapping - Mapped "{[/error]}" onto public org.springframework.http.ResponseEntity<java.util.Map<java.lang.String, java.lang.Object>> org.springframework.boot.autoconfigure.web.servlet.error.BasicErrorController.error(javax.servlet.http.HttpServletRequest)
2018-07-31 22:03:52.650 [main] INFO  o.s.w.s.m.m.a.RequestMappingHandlerMapping - Mapped "{[/error],produces=[text/html]}" onto public org.springframework.web.servlet.ModelAndView org.springframework.boot.autoconfigure.web.servlet.error.BasicErrorController.errorHtml(javax.servlet.http.HttpServletRequest,javax.servlet.http.HttpServletResponse)
2018-07-31 22:03:52.672 [main] INFO  o.s.web.servlet.handler.SimpleUrlHandlerMapping - Mapped URL path [/webjars/**] onto handler of type [class org.springframework.web.servlet.resource.ResourceHttpRequestHandler]
2018-07-31 22:03:52.672 [main] INFO  o.s.web.servlet.handler.SimpleUrlHandlerMapping - Mapped URL path [/**] onto handler of type [class org.springframework.web.servlet.resource.ResourceHttpRequestHandler]
2018-07-31 22:03:52.722 [main] WARN  o.s.b.a.t.ThymeleafAutoConfiguration$DefaultTemplateResolverConfiguration - Cannot find template location: classpath:/templates/ (please add some templates or check your Thymeleaf configuration)
2018-07-31 22:03:53.131 [main] INFO  o.s.jmx.export.annotation.AnnotationMBeanExporter - Registering beans for JMX exposure on startup
2018-07-31 22:03:53.137 [main] INFO  o.s.jmx.export.annotation.AnnotationMBeanExporter - Bean with name 'dataSource' has been autodetected for JMX exposure
2018-07-31 22:03:53.142 [main] INFO  o.s.jmx.export.annotation.AnnotationMBeanExporter - Located MBean 'dataSource': registering with JMX server as MBean [com.zaxxer.hikari:name=dataSource,type=HikariDataSource]
2018-07-31 22:03:53.153 [main] INFO  org.apache.coyote.http11.Http11NioProtocol - Starting ProtocolHandler ["http-nio-8080"]
2018-07-31 22:03:53.160 [main] INFO  org.apache.tomcat.util.net.NioSelectorPool - Using a shared selector for servlet write/read
2018-07-31 22:03:53.175 [main] INFO  o.s.boot.web.embedded.tomcat.TomcatWebServer - Tomcat started on port(s): 8080 (http) with context path ''
2018-07-31 22:03:53.178 [main] INFO  com.yyf.wcqs.WcqsApplication - Started WcqsApplication in 2.54 seconds (JVM running for 3.287)
2018-07-31 22:03:53.180 [main] INFO  com.yyf.wcqs.boot.WeChatBootStrap - 服务启动调用微信求情token
2018-07-31 22:03:53.754 [main] ERROR com.yyf.wcqs.cache.WeChatCache - 获取jsApiTicket时缺少accessToken参数
2018-07-31 22:03:53.755 [main] ERROR com.yyf.wcqs.cache.WeChatCache - 获取ipList时缺少accessToken参数
2018-07-31 22:04:34.406 [main] INFO  com.yyf.wcqs.WcqsApplication - Starting WcqsApplication on DESKTOP-Q0MDAE4 with PID 8692 (C:\Users\yyf\IdeaProjects\plcp_group\wcqs\target\classes started by yyf in C:\Users\yyf\IdeaProjects\plcp_group\wcqs)
2018-07-31 22:04:34.411 [main] INFO  com.yyf.wcqs.WcqsApplication - No active profile set, falling back to default profiles: default
2018-07-31 22:04:34.463 [main] INFO  o.s.b.w.s.c.AnnotationConfigServletWebServerApplicationContext - Refreshing org.springframework.boot.web.servlet.context.AnnotationConfigServletWebServerApplicationContext@13d73fa: startup date [Tue Jul 31 22:04:34 CST 2018]; root of context hierarchy
2018-07-31 22:04:34.918 [main] WARN  org.mybatis.spring.mapper.ClassPathMapperScanner - No MyBatis mapper was found in '[com.yyf.wcqs]' package. Please check your configuration.
2018-07-31 22:04:35.462 [main] INFO  o.s.boot.web.embedded.tomcat.TomcatWebServer - Tomcat initialized with port(s): 8080 (http)
2018-07-31 22:04:35.473 [main] INFO  org.apache.coyote.http11.Http11NioProtocol - Initializing ProtocolHandler ["http-nio-8080"]
2018-07-31 22:04:35.483 [main] INFO  org.apache.catalina.core.StandardService - Starting service [Tomcat]
2018-07-31 22:04:35.484 [main] INFO  org.apache.catalina.core.StandardEngine - Starting Servlet Engine: Apache Tomcat/8.5.31
2018-07-31 22:04:35.488 [localhost-startStop-1] INFO  org.apache.catalina.core.AprLifecycleListener - The APR based Apache Tomcat Native library which allows optimal performance in production environments was not found on the java.library.path: [C:\Program Files (x86)\Java\jdk1.8.0_144\bin;C:\WINDOWS\Sun\Java\bin;C:\WINDOWS\system32;C:\WINDOWS;C:\ProgramData\Oracle\Java\javapath;C:\WINDOWS\system32;C:\WINDOWS;C:\WINDOWS\System32\Wbem;C:\WINDOWS\System32\WindowsPowerShell\v1.0\;C:\Program Files (x86)\NVIDIA Corporation\PhysX\Common;D:\mysql\mysql-5.1.41-winx64\bin;D:\apache-maven-3.5.3\bin;;%SystemRoot%\system32;%SystemRoot%;%SystemRoot%\System32\Wbem;%SYSTEMROOT%\System32\WindowsPowerShell\v1.0\;%SYSTEMROOT%\System32\OpenSSH\;C:\Users\yyf\AppData\Local\Microsoft\WindowsApps;;.]
2018-07-31 22:04:35.609 [localhost-startStop-1] INFO  o.a.c.core.ContainerBase.[Tomcat].[localhost].[/] - Initializing Spring embedded WebApplicationContext
2018-07-31 22:04:35.610 [localhost-startStop-1] INFO  org.springframework.web.context.ContextLoader - Root WebApplicationContext: initialization completed in 1147 ms
2018-07-31 22:04:35.749 [localhost-startStop-1] INFO  o.s.boot.web.servlet.ServletRegistrationBean - Servlet dispatcherServlet mapped to [/]
2018-07-31 22:04:35.753 [localhost-startStop-1] INFO  o.s.boot.web.servlet.FilterRegistrationBean - Mapping filter: 'characterEncodingFilter' to: [/*]
2018-07-31 22:04:35.754 [localhost-startStop-1] INFO  o.s.boot.web.servlet.FilterRegistrationBean - Mapping filter: 'hiddenHttpMethodFilter' to: [/*]
2018-07-31 22:04:35.754 [localhost-startStop-1] INFO  o.s.boot.web.servlet.FilterRegistrationBean - Mapping filter: 'httpPutFormContentFilter' to: [/*]
2018-07-31 22:04:35.754 [localhost-startStop-1] INFO  o.s.boot.web.servlet.FilterRegistrationBean - Mapping filter: 'requestContextFilter' to: [/*]
2018-07-31 22:04:35.868 [main] INFO  o.s.web.servlet.handler.SimpleUrlHandlerMapping - Mapped URL path [/**/favicon.ico] onto handler of type [class org.springframework.web.servlet.resource.ResourceHttpRequestHandler]
2018-07-31 22:04:36.096 [main] INFO  o.s.w.s.m.m.a.RequestMappingHandlerAdapter - Looking for @ControllerAdvice: org.springframework.boot.web.servlet.context.AnnotationConfigServletWebServerApplicationContext@13d73fa: startup date [Tue Jul 31 22:04:34 CST 2018]; root of context hierarchy
2018-07-31 22:04:36.151 [main] INFO  o.s.w.s.m.m.a.RequestMappingHandlerMapping - Mapped "{[/error]}" onto public org.springframework.http.ResponseEntity<java.util.Map<java.lang.String, java.lang.Object>> org.springframework.boot.autoconfigure.web.servlet.error.BasicErrorController.error(javax.servlet.http.HttpServletRequest)
2018-07-31 22:04:36.152 [main] INFO  o.s.w.s.m.m.a.RequestMappingHandlerMapping - Mapped "{[/error],produces=[text/html]}" onto public org.springframework.web.servlet.ModelAndView org.springframework.boot.autoconfigure.web.servlet.error.BasicErrorController.errorHtml(javax.servlet.http.HttpServletRequest,javax.servlet.http.HttpServletResponse)
2018-07-31 22:04:36.175 [main] INFO  o.s.web.servlet.handler.SimpleUrlHandlerMapping - Mapped URL path [/webjars/**] onto handler of type [class org.springframework.web.servlet.resource.ResourceHttpRequestHandler]
2018-07-31 22:04:36.175 [main] INFO  o.s.web.servlet.handler.SimpleUrlHandlerMapping - Mapped URL path [/**] onto handler of type [class org.springframework.web.servlet.resource.ResourceHttpRequestHandler]
2018-07-31 22:04:36.223 [main] WARN  o.s.b.a.t.ThymeleafAutoConfiguration$DefaultTemplateResolverConfiguration - Cannot find template location: classpath:/templates/ (please add some templates or check your Thymeleaf configuration)
2018-07-31 22:04:36.613 [main] INFO  o.s.jmx.export.annotation.AnnotationMBeanExporter - Registering beans for JMX exposure on startup
2018-07-31 22:04:36.615 [main] INFO  o.s.jmx.export.annotation.AnnotationMBeanExporter - Bean with name 'dataSource' has been autodetected for JMX exposure
2018-07-31 22:04:36.619 [main] INFO  o.s.jmx.export.annotation.AnnotationMBeanExporter - Located MBean 'dataSource': registering with JMX server as MBean [com.zaxxer.hikari:name=dataSource,type=HikariDataSource]
2018-07-31 22:04:36.625 [main] INFO  org.apache.coyote.http11.Http11NioProtocol - Starting ProtocolHandler ["http-nio-8080"]
2018-07-31 22:04:36.633 [main] INFO  org.apache.tomcat.util.net.NioSelectorPool - Using a shared selector for servlet write/read
2018-07-31 22:04:36.645 [main] INFO  o.s.boot.web.embedded.tomcat.TomcatWebServer - Tomcat started on port(s): 8080 (http) with context path ''
2018-07-31 22:04:36.648 [main] INFO  com.yyf.wcqs.WcqsApplication - Started WcqsApplication in 2.509 seconds (JVM running for 3.449)
2018-07-31 22:04:36.650 [main] INFO  com.yyf.wcqs.boot.WeChatBootStrap - 服务启动调用微信求情token
2018-07-31 22:04:37.143 [main] ERROR com.yyf.wcqs.cache.WeChatCache - 获取jsApiTicket时缺少accessToken参数
2018-07-31 22:04:37.145 [main] ERROR com.yyf.wcqs.cache.WeChatCache - 获取ipList时缺少accessToken参数
2018-07-31 22:05:06.288 [main] INFO  com.yyf.wcqs.WcqsApplication - Starting WcqsApplication on DESKTOP-Q0MDAE4 with PID 1192 (C:\Users\yyf\IdeaProjects\plcp_group\wcqs\target\classes started by yyf in C:\Users\yyf\IdeaProjects\plcp_group\wcqs)
2018-07-31 22:05:06.291 [main] INFO  com.yyf.wcqs.WcqsApplication - No active profile set, falling back to default profiles: default
2018-07-31 22:05:06.345 [main] INFO  o.s.b.w.s.c.AnnotationConfigServletWebServerApplicationContext - Refreshing org.springframework.boot.web.servlet.context.AnnotationConfigServletWebServerApplicationContext@1fd9a4d: startup date [Tue Jul 31 22:05:06 CST 2018]; root of context hierarchy
2018-07-31 22:05:06.813 [main] WARN  org.mybatis.spring.mapper.ClassPathMapperScanner - No MyBatis mapper was found in '[com.yyf.wcqs]' package. Please check your configuration.
2018-07-31 22:05:07.357 [main] INFO  o.s.boot.web.embedded.tomcat.TomcatWebServer - Tomcat initialized with port(s): 8080 (http)
2018-07-31 22:05:07.367 [main] INFO  org.apache.coyote.http11.Http11NioProtocol - Initializing ProtocolHandler ["http-nio-8080"]
2018-07-31 22:05:07.378 [main] INFO  org.apache.catalina.core.StandardService - Starting service [Tomcat]
2018-07-31 22:05:07.378 [main] INFO  org.apache.catalina.core.StandardEngine - Starting Servlet Engine: Apache Tomcat/8.5.31
2018-07-31 22:05:07.388 [localhost-startStop-1] INFO  org.apache.catalina.core.AprLifecycleListener - The APR based Apache Tomcat Native library which allows optimal performance in production environments was not found on the java.library.path: [C:\Program Files (x86)\Java\jdk1.8.0_144\bin;C:\WINDOWS\Sun\Java\bin;C:\WINDOWS\system32;C:\WINDOWS;C:\ProgramData\Oracle\Java\javapath;C:\WINDOWS\system32;C:\WINDOWS;C:\WINDOWS\System32\Wbem;C:\WINDOWS\System32\WindowsPowerShell\v1.0\;C:\Program Files (x86)\NVIDIA Corporation\PhysX\Common;D:\mysql\mysql-5.1.41-winx64\bin;D:\apache-maven-3.5.3\bin;;%SystemRoot%\system32;%SystemRoot%;%SystemRoot%\System32\Wbem;%SYSTEMROOT%\System32\WindowsPowerShell\v1.0\;%SYSTEMROOT%\System32\OpenSSH\;C:\Users\yyf\AppData\Local\Microsoft\WindowsApps;;.]
2018-07-31 22:05:07.504 [localhost-startStop-1] INFO  o.a.c.core.ContainerBase.[Tomcat].[localhost].[/] - Initializing Spring embedded WebApplicationContext
2018-07-31 22:05:07.504 [localhost-startStop-1] INFO  org.springframework.web.context.ContextLoader - Root WebApplicationContext: initialization completed in 1159 ms
2018-07-31 22:05:07.637 [localhost-startStop-1] INFO  o.s.boot.web.servlet.ServletRegistrationBean - Servlet dispatcherServlet mapped to [/]
2018-07-31 22:05:07.641 [localhost-startStop-1] INFO  o.s.boot.web.servlet.FilterRegistrationBean - Mapping filter: 'characterEncodingFilter' to: [/*]
2018-07-31 22:05:07.641 [localhost-startStop-1] INFO  o.s.boot.web.servlet.FilterRegistrationBean - Mapping filter: 'hiddenHttpMethodFilter' to: [/*]
2018-07-31 22:05:07.641 [localhost-startStop-1] INFO  o.s.boot.web.servlet.FilterRegistrationBean - Mapping filter: 'httpPutFormContentFilter' to: [/*]
2018-07-31 22:05:07.641 [localhost-startStop-1] INFO  o.s.boot.web.servlet.FilterRegistrationBean - Mapping filter: 'requestContextFilter' to: [/*]
2018-07-31 22:05:07.755 [main] INFO  o.s.web.servlet.handler.SimpleUrlHandlerMapping - Mapped URL path [/**/favicon.ico] onto handler of type [class org.springframework.web.servlet.resource.ResourceHttpRequestHandler]
2018-07-31 22:05:07.983 [main] INFO  o.s.w.s.m.m.a.RequestMappingHandlerAdapter - Looking for @ControllerAdvice: org.springframework.boot.web.servlet.context.AnnotationConfigServletWebServerApplicationContext@1fd9a4d: startup date [Tue Jul 31 22:05:06 CST 2018]; root of context hierarchy
2018-07-31 22:05:08.035 [main] INFO  o.s.w.s.m.m.a.RequestMappingHandlerMapping - Mapped "{[/error]}" onto public org.springframework.http.ResponseEntity<java.util.Map<java.lang.String, java.lang.Object>> org.springframework.boot.autoconfigure.web.servlet.error.BasicErrorController.error(javax.servlet.http.HttpServletRequest)
2018-07-31 22:05:08.036 [main] INFO  o.s.w.s.m.m.a.RequestMappingHandlerMapping - Mapped "{[/error],produces=[text/html]}" onto public org.springframework.web.servlet.ModelAndView org.springframework.boot.autoconfigure.web.servlet.error.BasicErrorController.errorHtml(javax.servlet.http.HttpServletRequest,javax.servlet.http.HttpServletResponse)
2018-07-31 22:05:08.066 [main] INFO  o.s.web.servlet.handler.SimpleUrlHandlerMapping - Mapped URL path [/webjars/**] onto handler of type [class org.springframework.web.servlet.resource.ResourceHttpRequestHandler]
2018-07-31 22:05:08.066 [main] INFO  o.s.web.servlet.handler.SimpleUrlHandlerMapping - Mapped URL path [/**] onto handler of type [class org.springframework.web.servlet.resource.ResourceHttpRequestHandler]
2018-07-31 22:05:08.110 [main] WARN  o.s.b.a.t.ThymeleafAutoConfiguration$DefaultTemplateResolverConfiguration - Cannot find template location: classpath:/templates/ (please add some templates or check your Thymeleaf configuration)
2018-07-31 22:05:08.517 [main] INFO  o.s.jmx.export.annotation.AnnotationMBeanExporter - Registering beans for JMX exposure on startup
2018-07-31 22:05:08.519 [main] INFO  o.s.jmx.export.annotation.AnnotationMBeanExporter - Bean with name 'dataSource' has been autodetected for JMX exposure
2018-07-31 22:05:08.524 [main] INFO  o.s.jmx.export.annotation.AnnotationMBeanExporter - Located MBean 'dataSource': registering with JMX server as MBean [com.zaxxer.hikari:name=dataSource,type=HikariDataSource]
2018-07-31 22:05:08.531 [main] INFO  org.apache.coyote.http11.Http11NioProtocol - Starting ProtocolHandler ["http-nio-8080"]
2018-07-31 22:05:08.539 [main] INFO  org.apache.tomcat.util.net.NioSelectorPool - Using a shared selector for servlet write/read
2018-07-31 22:05:08.550 [main] INFO  o.s.boot.web.embedded.tomcat.TomcatWebServer - Tomcat started on port(s): 8080 (http) with context path ''
2018-07-31 22:05:08.554 [main] INFO  com.yyf.wcqs.WcqsApplication - Started WcqsApplication in 2.524 seconds (JVM running for 3.398)
2018-07-31 22:05:08.556 [main] INFO  com.yyf.wcqs.boot.WeChatBootStrap - 服务启动调用微信求情token
2018-07-31 22:05:43.067 [main] ERROR com.yyf.wcqs.cache.WeChatCache - 获取jsApiTicket时缺少accessToken参数
2018-07-31 22:05:43.068 [main] ERROR com.yyf.wcqs.cache.WeChatCache - 获取ipList时缺少accessToken参数
2018-07-31 22:12:28.760 [main] INFO  com.yyf.wcqs.WcqsApplication - Starting WcqsApplication on DESKTOP-Q0MDAE4 with PID 3088 (C:\Users\yyf\IdeaProjects\plcp_group\wcqs\target\classes started by yyf in C:\Users\yyf\IdeaProjects\plcp_group\wcqs)
2018-07-31 22:12:28.765 [main] INFO  com.yyf.wcqs.WcqsApplication - No active profile set, falling back to default profiles: default
2018-07-31 22:12:28.829 [main] INFO  o.s.b.w.s.c.AnnotationConfigServletWebServerApplicationContext - Refreshing org.springframework.boot.web.servlet.context.AnnotationConfigServletWebServerApplicationContext@114918a: startup date [Tue Jul 31 22:12:28 CST 2018]; root of context hierarchy
2018-07-31 22:12:29.284 [main] WARN  org.mybatis.spring.mapper.ClassPathMapperScanner - No MyBatis mapper was found in '[com.yyf.wcqs]' package. Please check your configuration.
2018-07-31 22:12:29.845 [main] INFO  o.s.boot.web.embedded.tomcat.TomcatWebServer - Tomcat initialized with port(s): 8080 (http)
2018-07-31 22:12:29.855 [main] INFO  org.apache.coyote.http11.Http11NioProtocol - Initializing ProtocolHandler ["http-nio-8080"]
2018-07-31 22:12:29.866 [main] INFO  org.apache.catalina.core.StandardService - Starting service [Tomcat]
2018-07-31 22:12:29.866 [main] INFO  org.apache.catalina.core.StandardEngine - Starting Servlet Engine: Apache Tomcat/8.5.31
2018-07-31 22:12:29.870 [localhost-startStop-1] INFO  org.apache.catalina.core.AprLifecycleListener - The APR based Apache Tomcat Native library which allows optimal performance in production environments was not found on the java.library.path: [C:\Program Files (x86)\Java\jdk1.8.0_144\bin;C:\WINDOWS\Sun\Java\bin;C:\WINDOWS\system32;C:\WINDOWS;C:\ProgramData\Oracle\Java\javapath;C:\WINDOWS\system32;C:\WINDOWS;C:\WINDOWS\System32\Wbem;C:\WINDOWS\System32\WindowsPowerShell\v1.0\;C:\Program Files (x86)\NVIDIA Corporation\PhysX\Common;D:\mysql\mysql-5.1.41-winx64\bin;D:\apache-maven-3.5.3\bin;;%SystemRoot%\system32;%SystemRoot%;%SystemRoot%\System32\Wbem;%SYSTEMROOT%\System32\WindowsPowerShell\v1.0\;%SYSTEMROOT%\System32\OpenSSH\;C:\Users\yyf\AppData\Local\Microsoft\WindowsApps;;.]
2018-07-31 22:12:30.004 [localhost-startStop-1] INFO  o.a.c.core.ContainerBase.[Tomcat].[localhost].[/] - Initializing Spring embedded WebApplicationContext
2018-07-31 22:12:30.004 [localhost-startStop-1] INFO  org.springframework.web.context.ContextLoader - Root WebApplicationContext: initialization completed in 1175 ms
2018-07-31 22:12:30.140 [localhost-startStop-1] INFO  o.s.boot.web.servlet.ServletRegistrationBean - Servlet dispatcherServlet mapped to [/]
2018-07-31 22:12:30.144 [localhost-startStop-1] INFO  o.s.boot.web.servlet.FilterRegistrationBean - Mapping filter: 'characterEncodingFilter' to: [/*]
2018-07-31 22:12:30.144 [localhost-startStop-1] INFO  o.s.boot.web.servlet.FilterRegistrationBean - Mapping filter: 'hiddenHttpMethodFilter' to: [/*]
2018-07-31 22:12:30.145 [localhost-startStop-1] INFO  o.s.boot.web.servlet.FilterRegistrationBean - Mapping filter: 'httpPutFormContentFilter' to: [/*]
2018-07-31 22:12:30.145 [localhost-startStop-1] INFO  o.s.boot.web.servlet.FilterRegistrationBean - Mapping filter: 'requestContextFilter' to: [/*]
2018-07-31 22:12:30.281 [main] INFO  o.s.web.servlet.handler.SimpleUrlHandlerMapping - Mapped URL path [/**/favicon.ico] onto handler of type [class org.springframework.web.servlet.resource.ResourceHttpRequestHandler]
2018-07-31 22:12:30.514 [main] INFO  o.s.w.s.m.m.a.RequestMappingHandlerAdapter - Looking for @ControllerAdvice: org.springframework.boot.web.servlet.context.AnnotationConfigServletWebServerApplicationContext@114918a: startup date [Tue Jul 31 22:12:28 CST 2018]; root of context hierarchy
2018-07-31 22:12:30.566 [main] INFO  o.s.w.s.m.m.a.RequestMappingHandlerMapping - Mapped "{[/hello]}" onto public void com.yyf.wcqs.controller.WeChatCheckController.hello(org.springframework.ui.Model,javax.servlet.http.HttpServletRequest,javax.servlet.http.HttpServletResponse) throws java.io.IOException
2018-07-31 22:12:30.569 [main] INFO  o.s.w.s.m.m.a.RequestMappingHandlerMapping - Mapped "{[/error]}" onto public org.springframework.http.ResponseEntity<java.util.Map<java.lang.String, java.lang.Object>> org.springframework.boot.autoconfigure.web.servlet.error.BasicErrorController.error(javax.servlet.http.HttpServletRequest)
2018-07-31 22:12:30.569 [main] INFO  o.s.w.s.m.m.a.RequestMappingHandlerMapping - Mapped "{[/error],produces=[text/html]}" onto public org.springframework.web.servlet.ModelAndView org.springframework.boot.autoconfigure.web.servlet.error.BasicErrorController.errorHtml(javax.servlet.http.HttpServletRequest,javax.servlet.http.HttpServletResponse)
2018-07-31 22:12:30.594 [main] INFO  o.s.web.servlet.handler.SimpleUrlHandlerMapping - Mapped URL path [/webjars/**] onto handler of type [class org.springframework.web.servlet.resource.ResourceHttpRequestHandler]
2018-07-31 22:12:30.594 [main] INFO  o.s.web.servlet.handler.SimpleUrlHandlerMapping - Mapped URL path [/**] onto handler of type [class org.springframework.web.servlet.resource.ResourceHttpRequestHandler]
2018-07-31 22:12:30.644 [main] WARN  o.s.b.a.t.ThymeleafAutoConfiguration$DefaultTemplateResolverConfiguration - Cannot find template location: classpath:/templates/ (please add some templates or check your Thymeleaf configuration)
2018-07-31 22:12:31.035 [main] INFO  o.s.jmx.export.annotation.AnnotationMBeanExporter - Registering beans for JMX exposure on startup
2018-07-31 22:12:31.039 [main] INFO  o.s.jmx.export.annotation.AnnotationMBeanExporter - Bean with name 'dataSource' has been autodetected for JMX exposure
2018-07-31 22:12:31.043 [main] INFO  o.s.jmx.export.annotation.AnnotationMBeanExporter - Located MBean 'dataSource': registering with JMX server as MBean [com.zaxxer.hikari:name=dataSource,type=HikariDataSource]
2018-07-31 22:12:31.050 [main] INFO  org.apache.coyote.http11.Http11NioProtocol - Starting ProtocolHandler ["http-nio-8080"]
2018-07-31 22:12:31.058 [main] INFO  org.apache.tomcat.util.net.NioSelectorPool - Using a shared selector for servlet write/read
2018-07-31 22:12:31.070 [main] INFO  o.s.boot.web.embedded.tomcat.TomcatWebServer - Tomcat started on port(s): 8080 (http) with context path ''
2018-07-31 22:12:31.073 [main] INFO  com.yyf.wcqs.WcqsApplication - Started WcqsApplication in 2.59 seconds (JVM running for 3.32)
2018-07-31 22:12:31.075 [main] INFO  com.yyf.wcqs.boot.WeChatBootStrap - 服务启动调用微信求情token
2018-07-31 22:12:31.573 [main] ERROR com.yyf.wcqs.cache.WeChatCache - 获取jsApiTicket时缺少accessToken参数
2018-07-31 22:12:31.573 [main] ERROR com.yyf.wcqs.cache.WeChatCache - 获取ipList时缺少accessToken参数
2018-07-31 22:13:56.908 [main] INFO  com.yyf.wcqs.WcqsApplication - Starting WcqsApplication on DESKTOP-Q0MDAE4 with PID 1588 (C:\Users\yyf\IdeaProjects\plcp_group\wcqs\target\classes started by yyf in C:\Users\yyf\IdeaProjects\plcp_group\wcqs)
2018-07-31 22:13:56.912 [main] INFO  com.yyf.wcqs.WcqsApplication - No active profile set, falling back to default profiles: default
2018-07-31 22:13:56.965 [main] INFO  o.s.b.w.s.c.AnnotationConfigServletWebServerApplicationContext - Refreshing org.springframework.boot.web.servlet.context.AnnotationConfigServletWebServerApplicationContext@565121: startup date [Tue Jul 31 22:13:56 CST 2018]; root of context hierarchy
2018-07-31 22:13:57.427 [main] WARN  org.mybatis.spring.mapper.ClassPathMapperScanner - No MyBatis mapper was found in '[com.yyf.wcqs]' package. Please check your configuration.
2018-07-31 22:13:57.977 [main] INFO  o.s.boot.web.embedded.tomcat.TomcatWebServer - Tomcat initialized with port(s): 8080 (http)
2018-07-31 22:13:57.987 [main] INFO  org.apache.coyote.http11.Http11NioProtocol - Initializing ProtocolHandler ["http-nio-8080"]
2018-07-31 22:13:57.998 [main] INFO  org.apache.catalina.core.StandardService - Starting service [Tomcat]
2018-07-31 22:13:57.999 [main] INFO  org.apache.catalina.core.StandardEngine - Starting Servlet Engine: Apache Tomcat/8.5.31
2018-07-31 22:13:58.008 [localhost-startStop-1] INFO  org.apache.catalina.core.AprLifecycleListener - The APR based Apache Tomcat Native library which allows optimal performance in production environments was not found on the java.library.path: [C:\Program Files (x86)\Java\jdk1.8.0_144\bin;C:\WINDOWS\Sun\Java\bin;C:\WINDOWS\system32;C:\WINDOWS;C:\ProgramData\Oracle\Java\javapath;C:\WINDOWS\system32;C:\WINDOWS;C:\WINDOWS\System32\Wbem;C:\WINDOWS\System32\WindowsPowerShell\v1.0\;C:\Program Files (x86)\NVIDIA Corporation\PhysX\Common;D:\mysql\mysql-5.1.41-winx64\bin;D:\apache-maven-3.5.3\bin;;%SystemRoot%\system32;%SystemRoot%;%SystemRoot%\System32\Wbem;%SYSTEMROOT%\System32\WindowsPowerShell\v1.0\;%SYSTEMROOT%\System32\OpenSSH\;C:\Users\yyf\AppData\Local\Microsoft\WindowsApps;;.]
2018-07-31 22:13:58.124 [localhost-startStop-1] INFO  o.a.c.core.ContainerBase.[Tomcat].[localhost].[/] - Initializing Spring embedded WebApplicationContext
2018-07-31 22:13:58.124 [localhost-startStop-1] INFO  org.springframework.web.context.ContextLoader - Root WebApplicationContext: initialization completed in 1159 ms
2018-07-31 22:13:58.256 [localhost-startStop-1] INFO  o.s.boot.web.servlet.ServletRegistrationBean - Servlet dispatcherServlet mapped to [/]
2018-07-31 22:13:58.260 [localhost-startStop-1] INFO  o.s.boot.web.servlet.FilterRegistrationBean - Mapping filter: 'characterEncodingFilter' to: [/*]
2018-07-31 22:13:58.260 [localhost-startStop-1] INFO  o.s.boot.web.servlet.FilterRegistrationBean - Mapping filter: 'hiddenHttpMethodFilter' to: [/*]
2018-07-31 22:13:58.260 [localhost-startStop-1] INFO  o.s.boot.web.servlet.FilterRegistrationBean - Mapping filter: 'httpPutFormContentFilter' to: [/*]
2018-07-31 22:13:58.260 [localhost-startStop-1] INFO  o.s.boot.web.servlet.FilterRegistrationBean - Mapping filter: 'requestContextFilter' to: [/*]
2018-07-31 22:13:58.378 [main] INFO  o.s.web.servlet.handler.SimpleUrlHandlerMapping - Mapped URL path [/**/favicon.ico] onto handler of type [class org.springframework.web.servlet.resource.ResourceHttpRequestHandler]
2018-07-31 22:13:58.621 [main] INFO  o.s.w.s.m.m.a.RequestMappingHandlerAdapter - Looking for @ControllerAdvice: org.springframework.boot.web.servlet.context.AnnotationConfigServletWebServerApplicationContext@565121: startup date [Tue Jul 31 22:13:56 CST 2018]; root of context hierarchy
2018-07-31 22:13:58.677 [main] INFO  o.s.w.s.m.m.a.RequestMappingHandlerMapping - Mapped "{[/hello]}" onto public void com.yyf.wcqs.controller.WeChatCheckController.hello(org.springframework.ui.Model,javax.servlet.http.HttpServletRequest,javax.servlet.http.HttpServletResponse) throws java.io.IOException
2018-07-31 22:13:58.679 [main] INFO  o.s.w.s.m.m.a.RequestMappingHandlerMapping - Mapped "{[/error]}" onto public org.springframework.http.ResponseEntity<java.util.Map<java.lang.String, java.lang.Object>> org.springframework.boot.autoconfigure.web.servlet.error.BasicErrorController.error(javax.servlet.http.HttpServletRequest)
2018-07-31 22:13:58.679 [main] INFO  o.s.w.s.m.m.a.RequestMappingHandlerMapping - Mapped "{[/error],produces=[text/html]}" onto public org.springframework.web.servlet.ModelAndView org.springframework.boot.autoconfigure.web.servlet.error.BasicErrorController.errorHtml(javax.servlet.http.HttpServletRequest,javax.servlet.http.HttpServletResponse)
2018-07-31 22:13:58.712 [main] INFO  o.s.web.servlet.handler.SimpleUrlHandlerMapping - Mapped URL path [/webjars/**] onto handler of type [class org.springframework.web.servlet.resource.ResourceHttpRequestHandler]
2018-07-31 22:13:58.712 [main] INFO  o.s.web.servlet.handler.SimpleUrlHandlerMapping - Mapped URL path [/**] onto handler of type [class org.springframework.web.servlet.resource.ResourceHttpRequestHandler]
2018-07-31 22:13:58.759 [main] WARN  o.s.b.a.t.ThymeleafAutoConfiguration$DefaultTemplateResolverConfiguration - Cannot find template location: classpath:/templates/ (please add some templates or check your Thymeleaf configuration)
2018-07-31 22:13:59.152 [main] INFO  o.s.jmx.export.annotation.AnnotationMBeanExporter - Registering beans for JMX exposure on startup
2018-07-31 22:13:59.153 [main] INFO  o.s.jmx.export.annotation.AnnotationMBeanExporter - Bean with name 'dataSource' has been autodetected for JMX exposure
2018-07-31 22:13:59.157 [main] INFO  o.s.jmx.export.annotation.AnnotationMBeanExporter - Located MBean 'dataSource': registering with JMX server as MBean [com.zaxxer.hikari:name=dataSource,type=HikariDataSource]
2018-07-31 22:13:59.164 [main] INFO  org.apache.coyote.http11.Http11NioProtocol - Starting ProtocolHandler ["http-nio-8080"]
2018-07-31 22:13:59.171 [main] INFO  org.apache.tomcat.util.net.NioSelectorPool - Using a shared selector for servlet write/read
2018-07-31 22:13:59.183 [main] INFO  o.s.boot.web.embedded.tomcat.TomcatWebServer - Tomcat started on port(s): 8080 (http) with context path ''
2018-07-31 22:13:59.186 [main] INFO  com.yyf.wcqs.WcqsApplication - Started WcqsApplication in 2.544 seconds (JVM running for 3.259)
2018-07-31 22:13:59.188 [main] INFO  com.yyf.wcqs.boot.WeChatBootStrap - 服务启动调用微信求情token
2018-07-31 22:13:59.696 [main] ERROR com.yyf.wcqs.cache.WeChatCache - 获取jsApiTicket时缺少accessToken参数
2018-07-31 22:13:59.696 [main] ERROR com.yyf.wcqs.cache.WeChatCache - 获取ipList时缺少accessToken参数
2018-07-31 22:16:25.871 [main] INFO  com.yyf.wcqs.WcqsApplication - Starting WcqsApplication on DESKTOP-Q0MDAE4 with PID 10436 (C:\Users\yyf\IdeaProjects\plcp_group\wcqs\target\classes started by yyf in C:\Users\yyf\IdeaProjects\plcp_group\wcqs)
2018-07-31 22:16:25.875 [main] INFO  com.yyf.wcqs.WcqsApplication - No active profile set, falling back to default profiles: default
2018-07-31 22:16:25.939 [main] INFO  o.s.b.w.s.c.AnnotationConfigServletWebServerApplicationContext - Refreshing org.springframework.boot.web.servlet.context.AnnotationConfigServletWebServerApplicationContext@16c63f5: startup date [Tue Jul 31 22:16:25 CST 2018]; root of context hierarchy
2018-07-31 22:16:26.392 [main] WARN  org.mybatis.spring.mapper.ClassPathMapperScanner - No MyBatis mapper was found in '[com.yyf.wcqs]' package. Please check your configuration.
2018-07-31 22:16:26.939 [main] INFO  o.s.boot.web.embedded.tomcat.TomcatWebServer - Tomcat initialized with port(s): 80 (http)
2018-07-31 22:16:26.948 [main] INFO  org.apache.coyote.http11.Http11NioProtocol - Initializing ProtocolHandler ["http-nio-80"]
2018-07-31 22:16:26.965 [main] INFO  org.apache.catalina.core.StandardService - Starting service [Tomcat]
2018-07-31 22:16:26.965 [main] INFO  org.apache.catalina.core.StandardEngine - Starting Servlet Engine: Apache Tomcat/8.5.31
2018-07-31 22:16:26.969 [localhost-startStop-1] INFO  org.apache.catalina.core.AprLifecycleListener - The APR based Apache Tomcat Native library which allows optimal performance in production environments was not found on the java.library.path: [C:\Program Files (x86)\Java\jdk1.8.0_144\bin;C:\WINDOWS\Sun\Java\bin;C:\WINDOWS\system32;C:\WINDOWS;C:\ProgramData\Oracle\Java\javapath;C:\WINDOWS\system32;C:\WINDOWS;C:\WINDOWS\System32\Wbem;C:\WINDOWS\System32\WindowsPowerShell\v1.0\;C:\Program Files (x86)\NVIDIA Corporation\PhysX\Common;D:\mysql\mysql-5.1.41-winx64\bin;D:\apache-maven-3.5.3\bin;;%SystemRoot%\system32;%SystemRoot%;%SystemRoot%\System32\Wbem;%SYSTEMROOT%\System32\WindowsPowerShell\v1.0\;%SYSTEMROOT%\System32\OpenSSH\;C:\Users\yyf\AppData\Local\Microsoft\WindowsApps;;.]
2018-07-31 22:16:27.093 [localhost-startStop-1] INFO  o.a.c.core.ContainerBase.[Tomcat].[localhost].[/] - Initializing Spring embedded WebApplicationContext
2018-07-31 22:16:27.093 [localhost-startStop-1] INFO  org.springframework.web.context.ContextLoader - Root WebApplicationContext: initialization completed in 1155 ms
2018-07-31 22:16:27.230 [localhost-startStop-1] INFO  o.s.boot.web.servlet.ServletRegistrationBean - Servlet dispatcherServlet mapped to [/]
2018-07-31 22:16:27.234 [localhost-startStop-1] INFO  o.s.boot.web.servlet.FilterRegistrationBean - Mapping filter: 'characterEncodingFilter' to: [/*]
2018-07-31 22:16:27.234 [localhost-startStop-1] INFO  o.s.boot.web.servlet.FilterRegistrationBean - Mapping filter: 'hiddenHttpMethodFilter' to: [/*]
2018-07-31 22:16:27.234 [localhost-startStop-1] INFO  o.s.boot.web.servlet.FilterRegistrationBean - Mapping filter: 'httpPutFormContentFilter' to: [/*]
2018-07-31 22:16:27.234 [localhost-startStop-1] INFO  o.s.boot.web.servlet.FilterRegistrationBean - Mapping filter: 'requestContextFilter' to: [/*]
2018-07-31 22:16:27.354 [main] INFO  o.s.web.servlet.handler.SimpleUrlHandlerMapping - Mapped URL path [/**/favicon.ico] onto handler of type [class org.springframework.web.servlet.resource.ResourceHttpRequestHandler]
2018-07-31 22:16:27.583 [main] INFO  o.s.w.s.m.m.a.RequestMappingHandlerAdapter - Looking for @ControllerAdvice: org.springframework.boot.web.servlet.context.AnnotationConfigServletWebServerApplicationContext@16c63f5: startup date [Tue Jul 31 22:16:25 CST 2018]; root of context hierarchy
2018-07-31 22:16:27.635 [main] INFO  o.s.w.s.m.m.a.RequestMappingHandlerMapping - Mapped "{[/hello]}" onto public void com.yyf.wcqs.controller.WeChatCheckController.hello(org.springframework.ui.Model,javax.servlet.http.HttpServletRequest,javax.servlet.http.HttpServletResponse) throws java.io.IOException
2018-07-31 22:16:27.639 [main] INFO  o.s.w.s.m.m.a.RequestMappingHandlerMapping - Mapped "{[/error]}" onto public org.springframework.http.ResponseEntity<java.util.Map<java.lang.String, java.lang.Object>> org.springframework.boot.autoconfigure.web.servlet.error.BasicErrorController.error(javax.servlet.http.HttpServletRequest)
2018-07-31 22:16:27.639 [main] INFO  o.s.w.s.m.m.a.RequestMappingHandlerMapping - Mapped "{[/error],produces=[text/html]}" onto public org.springframework.web.servlet.ModelAndView org.springframework.boot.autoconfigure.web.servlet.error.BasicErrorController.errorHtml(javax.servlet.http.HttpServletRequest,javax.servlet.http.HttpServletResponse)
2018-07-31 22:16:27.662 [main] INFO  o.s.web.servlet.handler.SimpleUrlHandlerMapping - Mapped URL path [/webjars/**] onto handler of type [class org.springframework.web.servlet.resource.ResourceHttpRequestHandler]
2018-07-31 22:16:27.662 [main] INFO  o.s.web.servlet.handler.SimpleUrlHandlerMapping - Mapped URL path [/**] onto handler of type [class org.springframework.web.servlet.resource.ResourceHttpRequestHandler]
2018-07-31 22:16:27.713 [main] WARN  o.s.b.a.t.ThymeleafAutoConfiguration$DefaultTemplateResolverConfiguration - Cannot find template location: classpath:/templates/ (please add some templates or check your Thymeleaf configuration)
2018-07-31 22:16:28.092 [main] INFO  o.s.jmx.export.annotation.AnnotationMBeanExporter - Registering beans for JMX exposure on startup
2018-07-31 22:16:28.093 [main] INFO  o.s.jmx.export.annotation.AnnotationMBeanExporter - Bean with name 'dataSource' has been autodetected for JMX exposure
2018-07-31 22:16:28.097 [main] INFO  o.s.jmx.export.annotation.AnnotationMBeanExporter - Located MBean 'dataSource': registering with JMX server as MBean [com.zaxxer.hikari:name=dataSource,type=HikariDataSource]
2018-07-31 22:16:28.104 [main] INFO  org.apache.coyote.http11.Http11NioProtocol - Starting ProtocolHandler ["http-nio-80"]
2018-07-31 22:16:28.111 [main] INFO  org.apache.tomcat.util.net.NioSelectorPool - Using a shared selector for servlet write/read
2018-07-31 22:16:28.132 [main] INFO  o.s.boot.web.embedded.tomcat.TomcatWebServer - Tomcat started on port(s): 80 (http) with context path ''
2018-07-31 22:16:28.136 [main] INFO  com.yyf.wcqs.WcqsApplication - Started WcqsApplication in 2.53 seconds (JVM running for 3.26)
2018-07-31 22:16:28.138 [main] INFO  com.yyf.wcqs.boot.WeChatBootStrap - 服务启动调用微信求情token
2018-07-31 22:16:28.615 [main] ERROR com.yyf.wcqs.cache.WeChatCache - 获取jsApiTicket时缺少accessToken参数
2018-07-31 22:16:28.615 [main] ERROR com.yyf.wcqs.cache.WeChatCache - 获取ipList时缺少accessToken参数
2018-07-31 22:16:35.647 [http-nio-80-exec-1] INFO  o.a.c.core.ContainerBase.[Tomcat].[localhost].[/] - Initializing Spring FrameworkServlet 'dispatcherServlet'
2018-07-31 22:16:35.648 [http-nio-80-exec-1] INFO  org.springframework.web.servlet.DispatcherServlet - FrameworkServlet 'dispatcherServlet': initialization started
2018-07-31 22:16:35.673 [http-nio-80-exec-1] INFO  org.springframework.web.servlet.DispatcherServlet - FrameworkServlet 'dispatcherServlet': initialization completed in 24 ms
2018-07-31 22:20:38.871 [main] INFO  com.yyf.wcqs.WcqsApplication - Starting WcqsApplication on DESKTOP-Q0MDAE4 with PID 2552 (C:\Users\yyf\IdeaProjects\plcp_group\wcqs\target\classes started by yyf in C:\Users\yyf\IdeaProjects\plcp_group\wcqs)
2018-07-31 22:20:38.876 [main] INFO  com.yyf.wcqs.WcqsApplication - No active profile set, falling back to default profiles: default
2018-07-31 22:20:38.943 [main] INFO  o.s.b.w.s.c.AnnotationConfigServletWebServerApplicationContext - Refreshing org.springframework.boot.web.servlet.context.AnnotationConfigServletWebServerApplicationContext@7db668: startup date [Tue Jul 31 22:20:38 CST 2018]; root of context hierarchy
2018-07-31 22:20:39.396 [main] WARN  org.mybatis.spring.mapper.ClassPathMapperScanner - No MyBatis mapper was found in '[com.yyf.wcqs]' package. Please check your configuration.
2018-07-31 22:20:39.944 [main] INFO  o.s.boot.web.embedded.tomcat.TomcatWebServer - Tomcat initialized with port(s): 80 (http)
2018-07-31 22:20:39.955 [main] INFO  org.apache.coyote.http11.Http11NioProtocol - Initializing ProtocolHandler ["http-nio-80"]
2018-07-31 22:20:39.966 [main] INFO  org.apache.catalina.core.StandardService - Starting service [Tomcat]
2018-07-31 22:20:39.966 [main] INFO  org.apache.catalina.core.StandardEngine - Starting Servlet Engine: Apache Tomcat/8.5.31
2018-07-31 22:20:39.970 [localhost-startStop-1] INFO  org.apache.catalina.core.AprLifecycleListener - The APR based Apache Tomcat Native library which allows optimal performance in production environments was not found on the java.library.path: [C:\Program Files (x86)\Java\jdk1.8.0_144\bin;C:\WINDOWS\Sun\Java\bin;C:\WINDOWS\system32;C:\WINDOWS;C:\ProgramData\Oracle\Java\javapath;C:\WINDOWS\system32;C:\WINDOWS;C:\WINDOWS\System32\Wbem;C:\WINDOWS\System32\WindowsPowerShell\v1.0\;C:\Program Files (x86)\NVIDIA Corporation\PhysX\Common;D:\mysql\mysql-5.1.41-winx64\bin;D:\apache-maven-3.5.3\bin;;%SystemRoot%\system32;%SystemRoot%;%SystemRoot%\System32\Wbem;%SYSTEMROOT%\System32\WindowsPowerShell\v1.0\;%SYSTEMROOT%\System32\OpenSSH\;C:\Users\yyf\AppData\Local\Microsoft\WindowsApps;;.]
2018-07-31 22:20:40.097 [localhost-startStop-1] INFO  o.a.c.core.ContainerBase.[Tomcat].[localhost].[/] - Initializing Spring embedded WebApplicationContext
2018-07-31 22:20:40.097 [localhost-startStop-1] INFO  org.springframework.web.context.ContextLoader - Root WebApplicationContext: initialization completed in 1155 ms
2018-07-31 22:20:40.234 [localhost-startStop-1] INFO  o.s.boot.web.servlet.ServletRegistrationBean - Servlet dispatcherServlet mapped to [/]
2018-07-31 22:20:40.239 [localhost-startStop-1] INFO  o.s.boot.web.servlet.FilterRegistrationBean - Mapping filter: 'characterEncodingFilter' to: [/*]
2018-07-31 22:20:40.239 [localhost-startStop-1] INFO  o.s.boot.web.servlet.FilterRegistrationBean - Mapping filter: 'hiddenHttpMethodFilter' to: [/*]
2018-07-31 22:20:40.239 [localhost-startStop-1] INFO  o.s.boot.web.servlet.FilterRegistrationBean - Mapping filter: 'httpPutFormContentFilter' to: [/*]
2018-07-31 22:20:40.239 [localhost-startStop-1] INFO  o.s.boot.web.servlet.FilterRegistrationBean - Mapping filter: 'requestContextFilter' to: [/*]
2018-07-31 22:20:40.352 [main] INFO  o.s.web.servlet.handler.SimpleUrlHandlerMapping - Mapped URL path [/**/favicon.ico] onto handler of type [class org.springframework.web.servlet.resource.ResourceHttpRequestHandler]
2018-07-31 22:20:40.572 [main] INFO  o.s.w.s.m.m.a.RequestMappingHandlerAdapter - Looking for @ControllerAdvice: org.springframework.boot.web.servlet.context.AnnotationConfigServletWebServerApplicationContext@7db668: startup date [Tue Jul 31 22:20:38 CST 2018]; root of context hierarchy
2018-07-31 22:20:40.622 [main] INFO  o.s.w.s.m.m.a.RequestMappingHandlerMapping - Mapped "{[/hello]}" onto public void com.yyf.wcqs.controller.WeChatCheckController.hello(org.springframework.ui.Model,javax.servlet.http.HttpServletRequest,javax.servlet.http.HttpServletResponse) throws java.io.IOException
2018-07-31 22:20:40.625 [main] INFO  o.s.w.s.m.m.a.RequestMappingHandlerMapping - Mapped "{[/error]}" onto public org.springframework.http.ResponseEntity<java.util.Map<java.lang.String, java.lang.Object>> org.springframework.boot.autoconfigure.web.servlet.error.BasicErrorController.error(javax.servlet.http.HttpServletRequest)
2018-07-31 22:20:40.626 [main] INFO  o.s.w.s.m.m.a.RequestMappingHandlerMapping - Mapped "{[/error],produces=[text/html]}" onto public org.springframework.web.servlet.ModelAndView org.springframework.boot.autoconfigure.web.servlet.error.BasicErrorController.errorHtml(javax.servlet.http.HttpServletRequest,javax.servlet.http.HttpServletResponse)
2018-07-31 22:20:40.656 [main] INFO  o.s.web.servlet.handler.SimpleUrlHandlerMapping - Mapped URL path [/webjars/**] onto handler of type [class org.springframework.web.servlet.resource.ResourceHttpRequestHandler]
2018-07-31 22:20:40.656 [main] INFO  o.s.web.servlet.handler.SimpleUrlHandlerMapping - Mapped URL path [/**] onto handler of type [class org.springframework.web.servlet.resource.ResourceHttpRequestHandler]
2018-07-31 22:20:40.705 [main] WARN  o.s.b.a.t.ThymeleafAutoConfiguration$DefaultTemplateResolverConfiguration - Cannot find template location: classpath:/templates/ (please add some templates or check your Thymeleaf configuration)
2018-07-31 22:20:41.083 [main] INFO  o.s.jmx.export.annotation.AnnotationMBeanExporter - Registering beans for JMX exposure on startup
2018-07-31 22:20:41.084 [main] INFO  o.s.jmx.export.annotation.AnnotationMBeanExporter - Bean with name 'dataSource' has been autodetected for JMX exposure
2018-07-31 22:20:41.095 [main] INFO  o.s.jmx.export.annotation.AnnotationMBeanExporter - Located MBean 'dataSource': registering with JMX server as MBean [com.zaxxer.hikari:name=dataSource,type=HikariDataSource]
2018-07-31 22:20:41.102 [main] INFO  org.apache.coyote.http11.Http11NioProtocol - Starting ProtocolHandler ["http-nio-80"]
2018-07-31 22:20:41.110 [main] INFO  org.apache.tomcat.util.net.NioSelectorPool - Using a shared selector for servlet write/read
2018-07-31 22:20:41.122 [main] INFO  o.s.boot.web.embedded.tomcat.TomcatWebServer - Tomcat started on port(s): 80 (http) with context path ''
2018-07-31 22:20:41.125 [main] INFO  com.yyf.wcqs.WcqsApplication - Started WcqsApplication in 2.527 seconds (JVM running for 3.322)
2018-07-31 22:20:41.127 [main] INFO  com.yyf.wcqs.boot.WeChatBootStrap - 服务启动调用微信求情token
2018-07-31 22:20:41.692 [main] INFO  com.yyf.wcqs.cache.WeChatCache - 刷新access_token[12_tGgi-Q-VRYRQhICoiUyHKUhUbxPKkLqA-lss49cNOF56VxeLGs_hfdllcylgslHWg6hY3FN0FHyrhwp3X8wIJrsVc7smkY01l6nkxNHOItmZFEigRh5i0sadgbFQlZzfckald6Fg9TfWmWUwAUDbAEAMGP]
2018-07-31 22:20:41.822 [main] INFO  com.yyf.wcqs.cache.WeChatCache - 刷新jsApiTicket[HoagFKDcsGMVCIY2vOjf9rP8KwGcQD0zmmV24EyhoReo8PDR82O2C2kaF2y27qtOKYcV1yNpmelpS9E-5ikvSA]
2018-07-31 22:20:41.983 [main] INFO  com.yyf.wcqs.cache.WeChatCache - 刷新ipList:[101.226.233.139, 101.226.233.140, 101.226.233.141, 101.226.233.142, 101.226.233.143, 101.226.233.144, 101.226.233.145, 101.226.233.146, 101.226.233.147, 101.226.233.148, 101.226.233.149, 101.226.233.150, 101.226.233.151, 101.226.233.152, 101.226.233.153, 101.226.233.154, 101.226.233.155, 101.226.233.156, 101.226.233.157, 101.226.233.158, 61.129.6.110, 61.129.6.111, 61.129.6.112, 61.129.6.113, 61.129.6.114, 61.129.6.79, 61.129.6.80, 61.129.6.81, 61.129.6.82, 61.129.6.83, 61.129.6.74, 61.129.6.75, 61.129.6.76, 61.129.6.77, 61.129.6.78, 61.129.6.69, 61.129.6.70, 61.129.6.71, 61.129.6.72, 61.129.6.73, 101.91.60.100, 101.91.60.101, 101.91.60.102, 101.91.60.103, 101.91.60.104, 101.91.60.105, 101.91.60.106, 101.91.60.107, 101.91.60.108, 101.91.60.109, 101.91.60.11, 101.91.60.110, 183.3.234.44, 183.3.234.45, 183.3.234.46, 183.3.234.47, 183.3.234.48, 183.3.234.49, 183.3.234.50, 183.3.234.51, 183.3.234.52, 183.3.234.53, 183.3.234.54, 183.3.234.55, 183.3.234.56, 183.3.234.57, 183.3.234.58, 183.3.234.59, 183.3.234.60, 183.3.234.61, 183.3.234.62, 183.3.234.63, 58.60.9.114, 58.60.9.115, 58.60.9.116, 58.60.9.117, 58.60.9.118, 58.60.9.119, 58.60.9.12, 58.60.9.120, 140.207.54.80, 140.207.54.79, 140.207.54.78, 140.207.54.77, 140.207.54.76, 140.207.54.75, 140.207.54.74, 140.207.54.73, 58.247.206.139, 58.247.206.140, 58.247.206.141, 58.247.206.142, 58.247.206.143, 58.247.206.144, 58.247.206.145, 58.247.206.146, 58.247.206.147, 58.247.206.148, 58.247.206.149, 58.247.206.150, 58.247.206.151, 58.247.206.152, 58.247.206.153, 58.247.206.154, 58.247.206.155, 58.247.206.156, 58.247.206.157, 58.247.206.158, 58.251.80.44, 58.251.80.45, 58.251.80.46, 58.251.80.47, 58.251.80.48, 58.251.80.49, 58.251.80.50, 58.251.80.51, 58.251.80.52, 58.251.80.53, 58.251.80.54, 58.251.80.55, 58.251.80.56, 58.251.80.57, 58.251.80.58, 58.251.80.59, 58.251.80.60, 58.251.80.61, 58.251.80.62, 58.251.80.63, 157.255.192.118, 157.255.192.119, 157.255.192.12, 157.255.192.120, 223.166.222.108, 223.166.222.109, 223.166.222.11, 223.166.222.110, 121.51.66.100, 121.51.66.101, 121.51.66.102, 121.51.66.103, 121.51.66.104, 121.51.66.105, 121.51.66.106, 121.51.66.107, 121.51.66.111, 121.51.66.112, 121.51.66.113, 121.51.66.114, 121.51.66.115, 121.51.66.116, 121.51.66.118, 121.51.66.117, 121.51.130.69, 121.51.130.70, 121.51.130.71, 121.51.130.72, 121.51.130.73, 121.51.130.64, 121.51.130.65, 121.51.130.66, 121.51.130.67, 121.51.130.68, 121.51.154.100, 121.51.154.101, 121.51.154.102, 121.51.154.103, 121.51.154.104, 121.51.154.105, 121.51.154.106, 121.51.154.107, 121.51.154.108, 121.51.154.109, 121.51.154.110, 121.51.154.111, 121.51.154.112, 121.51.154.113, 121.51.154.114, 121.51.154.115, 121.51.154.116, 121.51.154.117, 121.51.154.118, 121.51.154.119, 121.51.162.120, 121.51.162.121, 121.51.162.122, 121.51.162.123, 182.254.86.139, 182.254.86.140, 182.254.86.141, 182.254.86.142, 182.254.86.143, 182.254.86.144, 182.254.86.145, 182.254.86.146, 182.254.86.147, 182.254.86.148, 182.254.86.149, 182.254.86.150, 182.254.86.151, 182.254.86.152, 182.254.86.153, 182.254.86.154, 182.254.86.155, 182.254.86.156, 182.254.86.157, 182.254.86.158, 203.205.219.179, 203.205.219.180, 203.205.219.181, 203.205.219.182, 203.205.219.183, 203.205.219.184, 203.205.219.185, 203.205.219.186, 103.7.30.71, 103.7.30.70, 103.7.30.69, 103.7.30.68]
2018-07-31 22:54:13.770 [main] INFO  com.yyf.wcqs.WcqsApplication - Starting WcqsApplication on DESKTOP-Q0MDAE4 with PID 4012 (C:\Users\yyf\IdeaProjects\plcp_group\wcqs\target\classes started by yyf in C:\Users\yyf\IdeaProjects\plcp_group\wcqs)
2018-07-31 22:54:13.773 [main] INFO  com.yyf.wcqs.WcqsApplication - No active profile set, falling back to default profiles: default
2018-07-31 22:54:13.837 [main] INFO  o.s.b.w.s.c.AnnotationConfigServletWebServerApplicationContext - Refreshing org.springframework.boot.web.servlet.context.AnnotationConfigServletWebServerApplicationContext@42df8f: startup date [Tue Jul 31 22:54:13 CST 2018]; root of context hierarchy
2018-07-31 22:54:14.305 [main] WARN  org.mybatis.spring.mapper.ClassPathMapperScanner - No MyBatis mapper was found in '[com.yyf.wcqs]' package. Please check your configuration.
2018-07-31 22:54:14.891 [main] INFO  o.s.boot.web.embedded.tomcat.TomcatWebServer - Tomcat initialized with port(s): 80 (http)
2018-07-31 22:54:14.901 [main] INFO  org.apache.coyote.http11.Http11NioProtocol - Initializing ProtocolHandler ["http-nio-80"]
2018-07-31 22:54:14.918 [main] INFO  org.apache.catalina.core.StandardService - Starting service [Tomcat]
2018-07-31 22:54:14.918 [main] INFO  org.apache.catalina.core.StandardEngine - Starting Servlet Engine: Apache Tomcat/8.5.31
2018-07-31 22:54:14.922 [localhost-startStop-1] INFO  org.apache.catalina.core.AprLifecycleListener - The APR based Apache Tomcat Native library which allows optimal performance in production environments was not found on the java.library.path: [C:\Program Files (x86)\Java\jdk1.8.0_144\bin;C:\WINDOWS\Sun\Java\bin;C:\WINDOWS\system32;C:\WINDOWS;C:\ProgramData\Oracle\Java\javapath;C:\WINDOWS\system32;C:\WINDOWS;C:\WINDOWS\System32\Wbem;C:\WINDOWS\System32\WindowsPowerShell\v1.0\;C:\Program Files (x86)\NVIDIA Corporation\PhysX\Common;D:\mysql\mysql-5.1.41-winx64\bin;D:\apache-maven-3.5.3\bin;;%SystemRoot%\system32;%SystemRoot%;%SystemRoot%\System32\Wbem;%SYSTEMROOT%\System32\WindowsPowerShell\v1.0\;%SYSTEMROOT%\System32\OpenSSH\;C:\Users\yyf\AppData\Local\Microsoft\WindowsApps;;.]
2018-07-31 22:54:15.046 [localhost-startStop-1] INFO  o.a.c.core.ContainerBase.[Tomcat].[localhost].[/] - Initializing Spring embedded WebApplicationContext
2018-07-31 22:54:15.046 [localhost-startStop-1] INFO  org.springframework.web.context.ContextLoader - Root WebApplicationContext: initialization completed in 1209 ms
2018-07-31 22:54:15.178 [localhost-startStop-1] INFO  o.s.boot.web.servlet.ServletRegistrationBean - Servlet dispatcherServlet mapped to [/]
2018-07-31 22:54:15.182 [localhost-startStop-1] INFO  o.s.boot.web.servlet.FilterRegistrationBean - Mapping filter: 'characterEncodingFilter' to: [/*]
2018-07-31 22:54:15.182 [localhost-startStop-1] INFO  o.s.boot.web.servlet.FilterRegistrationBean - Mapping filter: 'hiddenHttpMethodFilter' to: [/*]
2018-07-31 22:54:15.182 [localhost-startStop-1] INFO  o.s.boot.web.servlet.FilterRegistrationBean - Mapping filter: 'httpPutFormContentFilter' to: [/*]
2018-07-31 22:54:15.183 [localhost-startStop-1] INFO  o.s.boot.web.servlet.FilterRegistrationBean - Mapping filter: 'requestContextFilter' to: [/*]
2018-07-31 22:54:15.302 [main] INFO  o.s.web.servlet.handler.SimpleUrlHandlerMapping - Mapped URL path [/**/favicon.ico] onto handler of type [class org.springframework.web.servlet.resource.ResourceHttpRequestHandler]
2018-07-31 22:54:15.539 [main] INFO  o.s.w.s.m.m.a.RequestMappingHandlerAdapter - Looking for @ControllerAdvice: org.springframework.boot.web.servlet.context.AnnotationConfigServletWebServerApplicationContext@42df8f: startup date [Tue Jul 31 22:54:13 CST 2018]; root of context hierarchy
2018-07-31 22:54:15.593 [main] INFO  o.s.w.s.m.m.a.RequestMappingHandlerMapping - Mapped "{[/hello],methods=[GET]}" onto public void com.yyf.wcqs.controller.WeChatAnswerController.check(org.springframework.ui.Model,javax.servlet.http.HttpServletRequest,javax.servlet.http.HttpServletResponse) throws java.io.IOException
2018-07-31 22:54:15.593 [main] INFO  o.s.w.s.m.m.a.RequestMappingHandlerMapping - Mapped "{[/hello],methods=[POST]}" onto public void com.yyf.wcqs.controller.WeChatAnswerController.receive(javax.servlet.http.HttpServletRequest,javax.servlet.http.HttpServletResponse) throws javax.servlet.ServletException,java.io.IOException
2018-07-31 22:54:15.596 [main] INFO  o.s.w.s.m.m.a.RequestMappingHandlerMapping - Mapped "{[/error]}" onto public org.springframework.http.ResponseEntity<java.util.Map<java.lang.String, java.lang.Object>> org.springframework.boot.autoconfigure.web.servlet.error.BasicErrorController.error(javax.servlet.http.HttpServletRequest)
2018-07-31 22:54:15.596 [main] INFO  o.s.w.s.m.m.a.RequestMappingHandlerMapping - Mapped "{[/error],produces=[text/html]}" onto public org.springframework.web.servlet.ModelAndView org.springframework.boot.autoconfigure.web.servlet.error.BasicErrorController.errorHtml(javax.servlet.http.HttpServletRequest,javax.servlet.http.HttpServletResponse)
2018-07-31 22:54:15.620 [main] INFO  o.s.web.servlet.handler.SimpleUrlHandlerMapping - Mapped URL path [/webjars/**] onto handler of type [class org.springframework.web.servlet.resource.ResourceHttpRequestHandler]
2018-07-31 22:54:15.620 [main] INFO  o.s.web.servlet.handler.SimpleUrlHandlerMapping - Mapped URL path [/**] onto handler of type [class org.springframework.web.servlet.resource.ResourceHttpRequestHandler]
2018-07-31 22:54:15.670 [main] WARN  o.s.b.a.t.ThymeleafAutoConfiguration$DefaultTemplateResolverConfiguration - Cannot find template location: classpath:/templates/ (please add some templates or check your Thymeleaf configuration)
2018-07-31 22:54:16.053 [main] INFO  o.s.jmx.export.annotation.AnnotationMBeanExporter - Registering beans for JMX exposure on startup
2018-07-31 22:54:16.053 [main] INFO  o.s.jmx.export.annotation.AnnotationMBeanExporter - Bean with name 'dataSource' has been autodetected for JMX exposure
2018-07-31 22:54:16.057 [main] INFO  o.s.jmx.export.annotation.AnnotationMBeanExporter - Located MBean 'dataSource': registering with JMX server as MBean [com.zaxxer.hikari:name=dataSource,type=HikariDataSource]
2018-07-31 22:54:16.072 [main] INFO  org.apache.coyote.http11.Http11NioProtocol - Starting ProtocolHandler ["http-nio-80"]
2018-07-31 22:54:16.080 [main] INFO  org.apache.tomcat.util.net.NioSelectorPool - Using a shared selector for servlet write/read
2018-07-31 22:54:16.092 [main] INFO  o.s.boot.web.embedded.tomcat.TomcatWebServer - Tomcat started on port(s): 80 (http) with context path ''
2018-07-31 22:54:16.095 [main] INFO  com.yyf.wcqs.WcqsApplication - Started WcqsApplication in 2.588 seconds (JVM running for 3.319)
2018-07-31 22:54:16.098 [main] INFO  com.yyf.wcqs.boot.WeChatBootStrap - 服务启动调用微信求情token
2018-07-31 22:54:16.662 [main] INFO  com.yyf.wcqs.cache.WeChatCache - 刷新access_token[12_lz5C5t-ILlZ56TijOk6GgiEeNxVEKV4Fs5UHToKF8bJ7jhkNFZmE2ERWDLdhGgUMqKN2FP3dbm3FuxfRCvChQMqt6L_PIFs4zkW39NjoWPfmPMkgfBb2dD3JR3--u1Q1O92_tQxRpLIjHn2xYIUgAAAGQC]
2018-07-31 22:54:16.804 [main] INFO  com.yyf.wcqs.cache.WeChatCache - 刷新jsApiTicket[HoagFKDcsGMVCIY2vOjf9rP8KwGcQD0zmmV24EyhoReo8PDR82O2C2kaF2y27qtOKYcV1yNpmelpS9E-5ikvSA]
2018-07-31 22:54:16.970 [main] INFO  com.yyf.wcqs.cache.WeChatCache - 刷新ipList:[101.226.233.139, 101.226.233.140, 101.226.233.141, 101.226.233.142, 101.226.233.143, 101.226.233.144, 101.226.233.145, 101.226.233.146, 101.226.233.147, 101.226.233.148, 101.226.233.149, 101.226.233.150, 101.226.233.151, 101.226.233.152, 101.226.233.153, 101.226.233.154, 101.226.233.155, 101.226.233.156, 101.226.233.157, 101.226.233.158, 61.129.6.110, 61.129.6.111, 61.129.6.112, 61.129.6.113, 61.129.6.114, 61.129.6.79, 61.129.6.80, 61.129.6.81, 61.129.6.82, 61.129.6.83, 61.129.6.74, 61.129.6.75, 61.129.6.76, 61.129.6.77, 61.129.6.78, 61.129.6.69, 61.129.6.70, 61.129.6.71, 61.129.6.72, 61.129.6.73, 101.91.60.100, 101.91.60.101, 101.91.60.102, 101.91.60.103, 101.91.60.104, 101.91.60.105, 101.91.60.106, 101.91.60.107, 101.91.60.108, 101.91.60.109, 101.91.60.11, 101.91.60.110, 183.3.234.44, 183.3.234.45, 183.3.234.46, 183.3.234.47, 183.3.234.48, 183.3.234.49, 183.3.234.50, 183.3.234.51, 183.3.234.52, 183.3.234.53, 183.3.234.54, 183.3.234.55, 183.3.234.56, 183.3.234.57, 183.3.234.58, 183.3.234.59, 183.3.234.60, 183.3.234.61, 183.3.234.62, 183.3.234.63, 58.60.9.114, 58.60.9.115, 58.60.9.116, 58.60.9.117, 58.60.9.118, 58.60.9.119, 58.60.9.12, 58.60.9.120, 140.207.54.80, 140.207.54.79, 140.207.54.78, 140.207.54.77, 140.207.54.76, 140.207.54.75, 140.207.54.74, 140.207.54.73, 58.247.206.139, 58.247.206.140, 58.247.206.141, 58.247.206.142, 58.247.206.143, 58.247.206.144, 58.247.206.145, 58.247.206.146, 58.247.206.147, 58.247.206.148, 58.247.206.149, 58.247.206.150, 58.247.206.151, 58.247.206.152, 58.247.206.153, 58.247.206.154, 58.247.206.155, 58.247.206.156, 58.247.206.157, 58.247.206.158, 58.251.80.44, 58.251.80.45, 58.251.80.46, 58.251.80.47, 58.251.80.48, 58.251.80.49, 58.251.80.50, 58.251.80.51, 58.251.80.52, 58.251.80.53, 58.251.80.54, 58.251.80.55, 58.251.80.56, 58.251.80.57, 58.251.80.58, 58.251.80.59, 58.251.80.60, 58.251.80.61, 58.251.80.62, 58.251.80.63, 157.255.192.118, 157.255.192.119, 157.255.192.12, 157.255.192.120, 223.166.222.108, 223.166.222.109, 223.166.222.11, 223.166.222.110, 121.51.66.100, 121.51.66.101, 121.51.66.102, 121.51.66.103, 121.51.66.104, 121.51.66.105, 121.51.66.106, 121.51.66.107, 121.51.66.111, 121.51.66.112, 121.51.66.113, 121.51.66.114, 121.51.66.115, 121.51.66.116, 121.51.66.118, 121.51.66.117, 121.51.130.69, 121.51.130.70, 121.51.130.71, 121.51.130.72, 121.51.130.73, 121.51.130.64, 121.51.130.65, 121.51.130.66, 121.51.130.67, 121.51.130.68, 121.51.154.100, 121.51.154.101, 121.51.154.102, 121.51.154.103, 121.51.154.104, 121.51.154.105, 121.51.154.106, 121.51.154.107, 121.51.154.108, 121.51.154.109, 121.51.154.110, 121.51.154.111, 121.51.154.112, 121.51.154.113, 121.51.154.114, 121.51.154.115, 121.51.154.116, 121.51.154.117, 121.51.154.118, 121.51.154.119, 121.51.162.120, 121.51.162.121, 121.51.162.122, 121.51.162.123, 182.254.86.139, 182.254.86.140, 182.254.86.141, 182.254.86.142, 182.254.86.143, 182.254.86.144, 182.254.86.145, 182.254.86.146, 182.254.86.147, 182.254.86.148, 182.254.86.149, 182.254.86.150, 182.254.86.151, 182.254.86.152, 182.254.86.153, 182.254.86.154, 182.254.86.155, 182.254.86.156, 182.254.86.157, 182.254.86.158, 203.205.219.179, 203.205.219.180, 203.205.219.181, 203.205.219.182, 203.205.219.183, 203.205.219.184, 203.205.219.185, 203.205.219.186, 103.7.30.71, 103.7.30.70, 103.7.30.69, 103.7.30.68]
2018-07-31 22:56:17.609 [http-nio-80-exec-1] INFO  o.a.c.core.ContainerBase.[Tomcat].[localhost].[/] - Initializing Spring FrameworkServlet 'dispatcherServlet'
2018-07-31 22:56:17.610 [http-nio-80-exec-1] INFO  org.springframework.web.servlet.DispatcherServlet - FrameworkServlet 'dispatcherServlet': initialization started
2018-07-31 22:56:17.630 [http-nio-80-exec-1] INFO  org.springframework.web.servlet.DispatcherServlet - FrameworkServlet 'dispatcherServlet': initialization completed in 20 ms
2018-07-31 22:58:09.482 [main] INFO  com.yyf.wcqs.WcqsApplication - Starting WcqsApplication on DESKTOP-Q0MDAE4 with PID 1588 (C:\Users\yyf\IdeaProjects\plcp_group\wcqs\target\classes started by yyf in C:\Users\yyf\IdeaProjects\plcp_group\wcqs)
2018-07-31 22:58:09.485 [main] INFO  com.yyf.wcqs.WcqsApplication - No active profile set, falling back to default profiles: default
2018-07-31 22:58:09.548 [main] INFO  o.s.b.w.s.c.AnnotationConfigServletWebServerApplicationContext - Refreshing org.springframework.boot.web.servlet.context.AnnotationConfigServletWebServerApplicationContext@1dcfae7: startup date [Tue Jul 31 22:58:09 CST 2018]; root of context hierarchy
2018-07-31 22:58:10.011 [main] WARN  org.mybatis.spring.mapper.ClassPathMapperScanner - No MyBatis mapper was found in '[com.yyf.wcqs]' package. Please check your configuration.
2018-07-31 22:58:10.548 [main] INFO  o.s.boot.web.embedded.tomcat.TomcatWebServer - Tomcat initialized with port(s): 80 (http)
2018-07-31 22:58:10.558 [main] INFO  org.apache.coyote.http11.Http11NioProtocol - Initializing ProtocolHandler ["http-nio-80"]
2018-07-31 22:58:10.575 [main] INFO  org.apache.catalina.core.StandardService - Starting service [Tomcat]
2018-07-31 22:58:10.575 [main] INFO  org.apache.catalina.core.StandardEngine - Starting Servlet Engine: Apache Tomcat/8.5.31
2018-07-31 22:58:10.579 [localhost-startStop-1] INFO  org.apache.catalina.core.AprLifecycleListener - The APR based Apache Tomcat Native library which allows optimal performance in production environments was not found on the java.library.path: [C:\Program Files (x86)\Java\jdk1.8.0_144\bin;C:\WINDOWS\Sun\Java\bin;C:\WINDOWS\system32;C:\WINDOWS;C:\ProgramData\Oracle\Java\javapath;C:\WINDOWS\system32;C:\WINDOWS;C:\WINDOWS\System32\Wbem;C:\WINDOWS\System32\WindowsPowerShell\v1.0\;C:\Program Files (x86)\NVIDIA Corporation\PhysX\Common;D:\mysql\mysql-5.1.41-winx64\bin;D:\apache-maven-3.5.3\bin;;%SystemRoot%\system32;%SystemRoot%;%SystemRoot%\System32\Wbem;%SYSTEMROOT%\System32\WindowsPowerShell\v1.0\;%SYSTEMROOT%\System32\OpenSSH\;C:\Users\yyf\AppData\Local\Microsoft\WindowsApps;;.]
2018-07-31 22:58:10.698 [localhost-startStop-1] INFO  o.a.c.core.ContainerBase.[Tomcat].[localhost].[/] - Initializing Spring embedded WebApplicationContext
2018-07-31 22:58:10.698 [localhost-startStop-1] INFO  org.springframework.web.context.ContextLoader - Root WebApplicationContext: initialization completed in 1150 ms
2018-07-31 22:58:10.829 [localhost-startStop-1] INFO  o.s.boot.web.servlet.ServletRegistrationBean - Servlet dispatcherServlet mapped to [/]
2018-07-31 22:58:10.833 [localhost-startStop-1] INFO  o.s.boot.web.servlet.FilterRegistrationBean - Mapping filter: 'characterEncodingFilter' to: [/*]
2018-07-31 22:58:10.833 [localhost-startStop-1] INFO  o.s.boot.web.servlet.FilterRegistrationBean - Mapping filter: 'hiddenHttpMethodFilter' to: [/*]
2018-07-31 22:58:10.833 [localhost-startStop-1] INFO  o.s.boot.web.servlet.FilterRegistrationBean - Mapping filter: 'httpPutFormContentFilter' to: [/*]
2018-07-31 22:58:10.833 [localhost-startStop-1] INFO  o.s.boot.web.servlet.FilterRegistrationBean - Mapping filter: 'requestContextFilter' to: [/*]
2018-07-31 22:58:10.946 [main] INFO  o.s.web.servlet.handler.SimpleUrlHandlerMapping - Mapped URL path [/**/favicon.ico] onto handler of type [class org.springframework.web.servlet.resource.ResourceHttpRequestHandler]
2018-07-31 22:58:11.194 [main] INFO  o.s.w.s.m.m.a.RequestMappingHandlerAdapter - Looking for @ControllerAdvice: org.springframework.boot.web.servlet.context.AnnotationConfigServletWebServerApplicationContext@1dcfae7: startup date [Tue Jul 31 22:58:09 CST 2018]; root of context hierarchy
2018-07-31 22:58:11.246 [main] INFO  o.s.w.s.m.m.a.RequestMappingHandlerMapping - Mapped "{[/hello],methods=[GET]}" onto public void com.yyf.wcqs.controller.WeChatAnswerController.check(org.springframework.ui.Model,javax.servlet.http.HttpServletRequest,javax.servlet.http.HttpServletResponse) throws java.io.IOException
2018-07-31 22:58:11.246 [main] INFO  o.s.w.s.m.m.a.RequestMappingHandlerMapping - Mapped "{[/hello],methods=[POST]}" onto public void com.yyf.wcqs.controller.WeChatAnswerController.receive(javax.servlet.http.HttpServletRequest,javax.servlet.http.HttpServletResponse) throws javax.servlet.ServletException,java.io.IOException
2018-07-31 22:58:11.249 [main] INFO  o.s.w.s.m.m.a.RequestMappingHandlerMapping - Mapped "{[/error]}" onto public org.springframework.http.ResponseEntity<java.util.Map<java.lang.String, java.lang.Object>> org.springframework.boot.autoconfigure.web.servlet.error.BasicErrorController.error(javax.servlet.http.HttpServletRequest)
2018-07-31 22:58:11.249 [main] INFO  o.s.w.s.m.m.a.RequestMappingHandlerMapping - Mapped "{[/error],produces=[text/html]}" onto public org.springframework.web.servlet.ModelAndView org.springframework.boot.autoconfigure.web.servlet.error.BasicErrorController.errorHtml(javax.servlet.http.HttpServletRequest,javax.servlet.http.HttpServletResponse)
2018-07-31 22:58:11.272 [main] INFO  o.s.web.servlet.handler.SimpleUrlHandlerMapping - Mapped URL path [/webjars/**] onto handler of type [class org.springframework.web.servlet.resource.ResourceHttpRequestHandler]
2018-07-31 22:58:11.272 [main] INFO  o.s.web.servlet.handler.SimpleUrlHandlerMapping - Mapped URL path [/**] onto handler of type [class org.springframework.web.servlet.resource.ResourceHttpRequestHandler]
2018-07-31 22:58:11.322 [main] WARN  o.s.b.a.t.ThymeleafAutoConfiguration$DefaultTemplateResolverConfiguration - Cannot find template location: classpath:/templates/ (please add some templates or check your Thymeleaf configuration)
2018-07-31 22:58:11.696 [main] INFO  o.s.jmx.export.annotation.AnnotationMBeanExporter - Registering beans for JMX exposure on startup
2018-07-31 22:58:11.701 [main] INFO  o.s.jmx.export.annotation.AnnotationMBeanExporter - Bean with name 'dataSource' has been autodetected for JMX exposure
2018-07-31 22:58:11.709 [main] INFO  o.s.jmx.export.annotation.AnnotationMBeanExporter - Located MBean 'dataSource': registering with JMX server as MBean [com.zaxxer.hikari:name=dataSource,type=HikariDataSource]
2018-07-31 22:58:11.716 [main] INFO  org.apache.coyote.http11.Http11NioProtocol - Starting ProtocolHandler ["http-nio-80"]
2018-07-31 22:58:11.724 [main] INFO  org.apache.tomcat.util.net.NioSelectorPool - Using a shared selector for servlet write/read
2018-07-31 22:58:11.736 [main] INFO  o.s.boot.web.embedded.tomcat.TomcatWebServer - Tomcat started on port(s): 80 (http) with context path ''
2018-07-31 22:58:11.739 [main] INFO  com.yyf.wcqs.WcqsApplication - Started WcqsApplication in 2.523 seconds (JVM running for 3.255)
2018-07-31 22:58:11.745 [main] INFO  com.yyf.wcqs.boot.WeChatBootStrap - 服务启动调用微信求情token
2018-07-31 22:58:12.277 [main] INFO  com.yyf.wcqs.cache.WeChatCache - 刷新access_token[12_fumKueEmhIkaVjGqlzzfnt8GNSE-SVKUYgWBpx8d3Iy-5f8PTbmiq5s-11p6VjQzwDhJailAo-g1UpT64qFFzFJ6EwsWX10ltl3KQa7B4Z3BefPa75vQTJF-9COIi3dOHXFZDqPewJVYXHPRORBbAHAADN]
2018-07-31 22:58:12.432 [main] INFO  com.yyf.wcqs.cache.WeChatCache - 刷新jsApiTicket[HoagFKDcsGMVCIY2vOjf9rP8KwGcQD0zmmV24EyhoReo8PDR82O2C2kaF2y27qtOKYcV1yNpmelpS9E-5ikvSA]
2018-07-31 22:58:12.585 [main] INFO  com.yyf.wcqs.cache.WeChatCache - 刷新ipList:[101.226.233.139, 101.226.233.140, 101.226.233.141, 101.226.233.142, 101.226.233.143, 101.226.233.144, 101.226.233.145, 101.226.233.146, 101.226.233.147, 101.226.233.148, 101.226.233.149, 101.226.233.150, 101.226.233.151, 101.226.233.152, 101.226.233.153, 101.226.233.154, 101.226.233.155, 101.226.233.156, 101.226.233.157, 101.226.233.158, 61.129.6.110, 61.129.6.111, 61.129.6.112, 61.129.6.113, 61.129.6.114, 61.129.6.79, 61.129.6.80, 61.129.6.81, 61.129.6.82, 61.129.6.83, 61.129.6.74, 61.129.6.75, 61.129.6.76, 61.129.6.77, 61.129.6.78, 61.129.6.69, 61.129.6.70, 61.129.6.71, 61.129.6.72, 61.129.6.73, 101.91.60.100, 101.91.60.101, 101.91.60.102, 101.91.60.103, 101.91.60.104, 101.91.60.105, 101.91.60.106, 101.91.60.107, 101.91.60.108, 101.91.60.109, 101.91.60.11, 101.91.60.110, 183.3.234.44, 183.3.234.45, 183.3.234.46, 183.3.234.47, 183.3.234.48, 183.3.234.49, 183.3.234.50, 183.3.234.51, 183.3.234.52, 183.3.234.53, 183.3.234.54, 183.3.234.55, 183.3.234.56, 183.3.234.57, 183.3.234.58, 183.3.234.59, 183.3.234.60, 183.3.234.61, 183.3.234.62, 183.3.234.63, 58.60.9.114, 58.60.9.115, 58.60.9.116, 58.60.9.117, 58.60.9.118, 58.60.9.119, 58.60.9.12, 58.60.9.120, 140.207.54.80, 140.207.54.79, 140.207.54.78, 140.207.54.77, 140.207.54.76, 140.207.54.75, 140.207.54.74, 140.207.54.73, 58.247.206.139, 58.247.206.140, 58.247.206.141, 58.247.206.142, 58.247.206.143, 58.247.206.144, 58.247.206.145, 58.247.206.146, 58.247.206.147, 58.247.206.148, 58.247.206.149, 58.247.206.150, 58.247.206.151, 58.247.206.152, 58.247.206.153, 58.247.206.154, 58.247.206.155, 58.247.206.156, 58.247.206.157, 58.247.206.158, 58.251.80.44, 58.251.80.45, 58.251.80.46, 58.251.80.47, 58.251.80.48, 58.251.80.49, 58.251.80.50, 58.251.80.51, 58.251.80.52, 58.251.80.53, 58.251.80.54, 58.251.80.55, 58.251.80.56, 58.251.80.57, 58.251.80.58, 58.251.80.59, 58.251.80.60, 58.251.80.61, 58.251.80.62, 58.251.80.63, 157.255.192.118, 157.255.192.119, 157.255.192.12, 157.255.192.120, 223.166.222.108, 223.166.222.109, 223.166.222.11, 223.166.222.110, 121.51.66.100, 121.51.66.101, 121.51.66.102, 121.51.66.103, 121.51.66.104, 121.51.66.105, 121.51.66.106, 121.51.66.107, 121.51.66.111, 121.51.66.112, 121.51.66.113, 121.51.66.114, 121.51.66.115, 121.51.66.116, 121.51.66.118, 121.51.66.117, 121.51.130.69, 121.51.130.70, 121.51.130.71, 121.51.130.72, 121.51.130.73, 121.51.130.64, 121.51.130.65, 121.51.130.66, 121.51.130.67, 121.51.130.68, 121.51.154.100, 121.51.154.101, 121.51.154.102, 121.51.154.103, 121.51.154.104, 121.51.154.105, 121.51.154.106, 121.51.154.107, 121.51.154.108, 121.51.154.109, 121.51.154.110, 121.51.154.111, 121.51.154.112, 121.51.154.113, 121.51.154.114, 121.51.154.115, 121.51.154.116, 121.51.154.117, 121.51.154.118, 121.51.154.119, 121.51.162.120, 121.51.162.121, 121.51.162.122, 121.51.162.123, 182.254.86.139, 182.254.86.140, 182.254.86.141, 182.254.86.142, 182.254.86.143, 182.254.86.144, 182.254.86.145, 182.254.86.146, 182.254.86.147, 182.254.86.148, 182.254.86.149, 182.254.86.150, 182.254.86.151, 182.254.86.152, 182.254.86.153, 182.254.86.154, 182.254.86.155, 182.254.86.156, 182.254.86.157, 182.254.86.158, 203.205.219.179, 203.205.219.180, 203.205.219.181, 203.205.219.182, 203.205.219.183, 203.205.219.184, 203.205.219.185, 203.205.219.186, 103.7.30.71, 103.7.30.70, 103.7.30.69, 103.7.30.68]
2018-07-31 22:58:16.803 [http-nio-80-exec-1] INFO  o.a.c.core.ContainerBase.[Tomcat].[localhost].[/] - Initializing Spring FrameworkServlet 'dispatcherServlet'
2018-07-31 22:58:16.804 [http-nio-80-exec-1] INFO  org.springframework.web.servlet.DispatcherServlet - FrameworkServlet 'dispatcherServlet': initialization started
2018-07-31 22:58:16.822 [http-nio-80-exec-1] INFO  org.springframework.web.servlet.DispatcherServlet - FrameworkServlet 'dispatcherServlet': initialization completed in 17 ms
